-------------------------------------------------------------------------------
Test set: com.bridgelabz.FunDoNotesApplicationTests
-------------------------------------------------------------------------------
Tests run: 1, Failures: 0, Errors: 1, Skipped: 0, Time elapsed: 0.367 s <<< FAILURE! - in com.bridgelabz.FunDoNotesApplicationTests
initializationError(com.bridgelabz.FunDoNotesApplicationTests)  Time elapsed: 0.004 s  <<< ERROR!
java.lang.IllegalStateException: Unable to find a @SpringBootConfiguration, you need to use @ContextConfiguration or @SpringBootTest(classes=...) with your test

