-------------------------------------------------------------------------------
Test set: com.bridgelabz.fundoonotes.FunDooNotesTest
-------------------------------------------------------------------------------
Tests run: 1, Failures: 0, Errors: 1, Skipped: 0, Time elapsed: 0.19 s <<< FAILURE! - in com.bridgelabz.fundoonotes.FunDooNotesTest
initializationError(com.bridgelabz.fundoonotes.FunDooNotesTest)  Time elapsed: 0.004 s  <<< ERROR!
java.lang.Exception: No runnable methods

