<?xml version="1.0" encoding="UTF-8"?>
<testsuite xmlns:xsi="http://www.w3.org/2001/XMLSchema-instance" xsi:noNamespaceSchemaLocation="https://maven.apache.org/surefire/maven-surefire-plugin/xsd/surefire-test-report.xsd" name="com.bridgelabz.fundoonotes.FunDooNotesApplicationTests" time="3.042" tests="1" errors="1" skipped="0" failures="0">
  <properties>
[...]
</properties>
  <testcase name="contextLoads" classname="com.bridgelabz.fundoonotes.FunDooNotesApplicationTests" time="0.005">
    <error message="Failed to load ApplicationContext" type="java.lang.IllegalStateException">java.lang.IllegalStateException: Failed to load ApplicationContext
Caused by: org.springframework.beans.factory.UnsatisfiedDependencyException: Error creating bean with name 'documentationPluginsBootstrapper' defined in URL [jar:file:/home/administrator/.m2/repository/io/springfox/springfox-spring-web/2.5.0/springfox-spring-web-2.5.0.jar!/springfox/documentation/spring/web/plugins/DocumentationPluginsBootstrapper.class]: Unsatisfied dependency expressed through constructor parameter 1; nested exception is org.springframework.beans.factory.UnsatisfiedDependencyException: Error creating bean with name 'webMvcRequestHandlerProvider' defined in URL [jar:file:/home/administrator/.m2/repository/io/springfox/springfox-spring-web/2.5.0/springfox-spring-web-2.5.0.jar!/springfox/documentation/spring/web/plugins/WebMvcRequestHandlerProvider.class]: Unsatisfied dependency expressed through constructor parameter 0; nested exception is org.springframework.beans.factory.BeanCreationException: Error creating bean with name 'requestMappingHandlerMapping' defined in class path resource [org/springframework/boot/autoconfigure/web/servlet/WebMvcAutoConfiguration$EnableWebMvcConfiguration.class]: Bean instantiation via factory method failed; nested exception is org.springframework.beans.BeanInstantiationException: Failed to instantiate [org.springframework.web.servlet.mvc.method.annotation.RequestMappingHandlerMapping]: Factory method 'requestMappingHandlerMapping' threw exception; nested exception is org.springframework.beans.factory.BeanCreationException: Error creating bean with name 'mvcConversionService' defined in class path resource [org/springframework/boot/autoconfigure/web/servlet/WebMvcAutoConfiguration$EnableWebMvcConfiguration.class]: Bean instantiation via factory method failed; nested exception is org.springframework.beans.BeanInstantiationException: Failed to instantiate [org.springframework.format.support.FormattingConversionService]: Factory method 'mvcConversionService' threw exception; nested exception is org.springframework.beans.factory.BeanCreationException: Error creating bean with name 'noteElasticsearchRepository': Cannot resolve reference to bean 'elasticsearchTemplate' while setting bean property 'elasticsearchOperations'; nested exception is org.springframework.beans.factory.NoSuchBeanDefinitionException: No bean named 'elasticsearchTemplate' available
Caused by: org.springframework.beans.factory.UnsatisfiedDependencyException: Error creating bean with name 'webMvcRequestHandlerProvider' defined in URL [jar:file:/home/administrator/.m2/repository/io/springfox/springfox-spring-web/2.5.0/springfox-spring-web-2.5.0.jar!/springfox/documentation/spring/web/plugins/WebMvcRequestHandlerProvider.class]: Unsatisfied dependency expressed through constructor parameter 0; nested exception is org.springframework.beans.factory.BeanCreationException: Error creating bean with name 'requestMappingHandlerMapping' defined in class path resource [org/springframework/boot/autoconfigure/web/servlet/WebMvcAutoConfiguration$EnableWebMvcConfiguration.class]: Bean instantiation via factory method failed; nested exception is org.springframework.beans.BeanInstantiationException: Failed to instantiate [org.springframework.web.servlet.mvc.method.annotation.RequestMappingHandlerMapping]: Factory method 'requestMappingHandlerMapping' threw exception; nested exception is org.springframework.beans.factory.BeanCreationException: Error creating bean with name 'mvcConversionService' defined in class path resource [org/springframework/boot/autoconfigure/web/servlet/WebMvcAutoConfiguration$EnableWebMvcConfiguration.class]: Bean instantiation via factory method failed; nested exception is org.springframework.beans.BeanInstantiationException: Failed to instantiate [org.springframework.format.support.FormattingConversionService]: Factory method 'mvcConversionService' threw exception; nested exception is org.springframework.beans.factory.BeanCreationException: Error creating bean with name 'noteElasticsearchRepository': Cannot resolve reference to bean 'elasticsearchTemplate' while setting bean property 'elasticsearchOperations'; nested exception is org.springframework.beans.factory.NoSuchBeanDefinitionException: No bean named 'elasticsearchTemplate' available
Caused by: org.springframework.beans.factory.BeanCreationException: Error creating bean with name 'requestMappingHandlerMapping' defined in class path resource [org/springframework/boot/autoconfigure/web/servlet/WebMvcAutoConfiguration$EnableWebMvcConfiguration.class]: Bean instantiation via factory method failed; nested exception is org.springframework.beans.BeanInstantiationException: Failed to instantiate [org.springframework.web.servlet.mvc.method.annotation.RequestMappingHandlerMapping]: Factory method 'requestMappingHandlerMapping' threw exception; nested exception is org.springframework.beans.factory.BeanCreationException: Error creating bean with name 'mvcConversionService' defined in class path resource [org/springframework/boot/autoconfigure/web/servlet/WebMvcAutoConfiguration$EnableWebMvcConfiguration.class]: Bean instantiation via factory method failed; nested exception is org.springframework.beans.BeanInstantiationException: Failed to instantiate [org.springframework.format.support.FormattingConversionService]: Factory method 'mvcConversionService' threw exception; nested exception is org.springframework.beans.factory.BeanCreationException: Error creating bean with name 'noteElasticsearchRepository': Cannot resolve reference to bean 'elasticsearchTemplate' while setting bean property 'elasticsearchOperations'; nested exception is org.springframework.beans.factory.NoSuchBeanDefinitionException: No bean named 'elasticsearchTemplate' available
Caused by: org.springframework.beans.BeanInstantiationException: Failed to instantiate [org.springframework.web.servlet.mvc.method.annotation.RequestMappingHandlerMapping]: Factory method 'requestMappingHandlerMapping' threw exception; nested exception is org.springframework.beans.factory.BeanCreationException: Error creating bean with name 'mvcConversionService' defined in class path resource [org/springframework/boot/autoconfigure/web/servlet/WebMvcAutoConfiguration$EnableWebMvcConfiguration.class]: Bean instantiation via factory method failed; nested exception is org.springframework.beans.BeanInstantiationException: Failed to instantiate [org.springframework.format.support.FormattingConversionService]: Factory method 'mvcConversionService' threw exception; nested exception is org.springframework.beans.factory.BeanCreationException: Error creating bean with name 'noteElasticsearchRepository': Cannot resolve reference to bean 'elasticsearchTemplate' while setting bean property 'elasticsearchOperations'; nested exception is org.springframework.beans.factory.NoSuchBeanDefinitionException: No bean named 'elasticsearchTemplate' available
Caused by: org.springframework.beans.factory.BeanCreationException: Error creating bean with name 'mvcConversionService' defined in class path resource [org/springframework/boot/autoconfigure/web/servlet/WebMvcAutoConfiguration$EnableWebMvcConfiguration.class]: Bean instantiation via factory method failed; nested exception is org.springframework.beans.BeanInstantiationException: Failed to instantiate [org.springframework.format.support.FormattingConversionService]: Factory method 'mvcConversionService' threw exception; nested exception is org.springframework.beans.factory.BeanCreationException: Error creating bean with name 'noteElasticsearchRepository': Cannot resolve reference to bean 'elasticsearchTemplate' while setting bean property 'elasticsearchOperations'; nested exception is org.springframework.beans.factory.NoSuchBeanDefinitionException: No bean named 'elasticsearchTemplate' available
Caused by: org.springframework.beans.BeanInstantiationException: Failed to instantiate [org.springframework.format.support.FormattingConversionService]: Factory method 'mvcConversionService' threw exception; nested exception is org.springframework.beans.factory.BeanCreationException: Error creating bean with name 'noteElasticsearchRepository': Cannot resolve reference to bean 'elasticsearchTemplate' while setting bean property 'elasticsearchOperations'; nested exception is org.springframework.beans.factory.NoSuchBeanDefinitionException: No bean named 'elasticsearchTemplate' available
Caused by: org.springframework.beans.factory.BeanCreationException: Error creating bean with name 'noteElasticsearchRepository': Cannot resolve reference to bean 'elasticsearchTemplate' while setting bean property 'elasticsearchOperations'; nested exception is org.springframework.beans.factory.NoSuchBeanDefinitionException: No bean named 'elasticsearchTemplate' available
Caused by: org.springframework.beans.factory.NoSuchBeanDefinitionException: No bean named 'elasticsearchTemplate' available
</error>
    <system-out><![CDATA[19:16:44.456 [main] DEBUG org.springframework.test.context.junit4.SpringJUnit4ClassRunner - SpringJUnit4ClassRunner constructor called with [class com.bridgelabz.fundoonotes.FunDooNotesApplicationTests]
19:16:44.460 [main] DEBUG org.springframework.test.context.BootstrapUtils - Instantiating CacheAwareContextLoaderDelegate from class [org.springframework.test.context.cache.DefaultCacheAwareContextLoaderDelegate]
19:16:44.465 [main] DEBUG org.springframework.test.context.BootstrapUtils - Instantiating BootstrapContext using constructor [public org.springframework.test.context.support.DefaultBootstrapContext(java.lang.Class,org.springframework.test.context.CacheAwareContextLoaderDelegate)]
19:16:44.480 [main] DEBUG org.springframework.test.context.BootstrapUtils - Instantiating TestContextBootstrapper for test class [com.bridgelabz.fundoonotes.FunDooNotesApplicationTests] from class [org.springframework.boot.test.context.SpringBootTestContextBootstrapper]
19:16:44.488 [main] INFO org.springframework.boot.test.context.SpringBootTestContextBootstrapper - Neither @ContextConfiguration nor @ContextHierarchy found for test class [com.bridgelabz.fundoonotes.FunDooNotesApplicationTests], using SpringBootContextLoader
19:16:44.491 [main] DEBUG org.springframework.test.context.support.AbstractContextLoader - Did not detect default resource location for test class [com.bridgelabz.fundoonotes.FunDooNotesApplicationTests]: class path resource [com/bridgelabz/fundoonotes/FunDooNotesApplicationTests-context.xml] does not exist
19:16:44.492 [main] DEBUG org.springframework.test.context.support.AbstractContextLoader - Did not detect default resource location for test class [com.bridgelabz.fundoonotes.FunDooNotesApplicationTests]: class path resource [com/bridgelabz/fundoonotes/FunDooNotesApplicationTestsContext.groovy] does not exist
19:16:44.493 [main] INFO org.springframework.test.context.support.AbstractContextLoader - Could not detect default resource locations for test class [com.bridgelabz.fundoonotes.FunDooNotesApplicationTests]: no resource found for suffixes {-context.xml, Context.groovy}.
19:16:44.494 [main] INFO org.springframework.test.context.support.AnnotationConfigContextLoaderUtils - Could not detect default configuration classes for test class [com.bridgelabz.fundoonotes.FunDooNotesApplicationTests]: FunDooNotesApplicationTests does not declare any static, non-private, non-final, nested classes annotated with @Configuration.
19:16:44.529 [main] DEBUG org.springframework.test.context.support.ActiveProfilesUtils - Could not find an 'annotation declaring class' for annotation type [org.springframework.test.context.ActiveProfiles] and class [com.bridgelabz.fundoonotes.FunDooNotesApplicationTests]
19:16:44.535 [main] DEBUG org.springframework.core.env.StandardEnvironment - Adding PropertySource 'systemProperties' with lowest search precedence
19:16:44.535 [main] DEBUG org.springframework.core.env.StandardEnvironment - Adding PropertySource 'systemEnvironment' with lowest search precedence
19:16:44.536 [main] DEBUG org.springframework.core.env.StandardEnvironment - Initialized StandardEnvironment with PropertySources [MapPropertySource@206835546 {name='systemProperties', properties={java.runtime.name=Java(TM) SE Runtime Environment, sun.boot.library.path=/usr/lib/jvm/java-8-oracle/jre/lib/amd64, java.vm.version=25.171-b11, java.vm.vendor=Oracle Corporation, java.vendor.url=http://java.oracle.com/, path.separator=:, java.vm.name=Java HotSpot(TM) 64-Bit Server VM, file.encoding.pkg=sun.io, user.country=IN, sun.java.launcher=SUN_STANDARD, sun.os.patch.level=unknown, java.vm.specification.name=Java Virtual Machine Specification, user.dir=/home/administrator/funDoNotes/FunDooNotes, java.runtime.version=1.8.0_171-b11, basedir=/home/administrator/funDoNotes/FunDooNotes, java.awt.graphicsenv=sun.awt.X11GraphicsEnvironment, java.endorsed.dirs=/usr/lib/jvm/java-8-oracle/jre/lib/endorsed, os.arch=amd64, surefire.real.class.path=/home/administrator/funDoNotes/FunDooNotes/target/surefire/surefirebooter377570610637107537.jar, java.io.tmpdir=/tmp, line.separator=
, java.vm.specification.vendor=Oracle Corporation, os.name=Linux, sun.jnu.encoding=UTF-8, java.library.path=/usr/java/packages/lib/amd64:/usr/lib64:/lib64:/lib:/usr/lib, surefire.test.class.path=/home/administrator/funDoNotes/FunDooNotes/target/test-classes:/home/administrator/funDoNotes/FunDooNotes/target/classes:/home/administrator/.m2/repository/org/springframework/boot/spring-boot-starter-web/2.0.3.RELEASE/spring-boot-starter-web-2.0.3.RELEASE.jar:/home/administrator/.m2/repository/org/springframework/boot/spring-boot-starter/2.0.3.RELEASE/spring-boot-starter-2.0.3.RELEASE.jar:/home/administrator/.m2/repository/org/springframework/boot/spring-boot/2.0.3.RELEASE/spring-boot-2.0.3.RELEASE.jar:/home/administrator/.m2/repository/org/springframework/boot/spring-boot-autoconfigure/2.0.3.RELEASE/spring-boot-autoconfigure-2.0.3.RELEASE.jar:/home/administrator/.m2/repository/org/springframework/boot/spring-boot-starter-logging/2.0.3.RELEASE/spring-boot-starter-logging-2.0.3.RELEASE.jar:/home/administrator/.m2/repository/ch/qos/logback/logback-classic/1.2.3/logback-classic-1.2.3.jar:/home/administrator/.m2/repository/ch/qos/logback/logback-core/1.2.3/logback-core-1.2.3.jar:/home/administrator/.m2/repository/org/apache/logging/log4j/log4j-to-slf4j/2.10.0/log4j-to-slf4j-2.10.0.jar:/home/administrator/.m2/repository/org/slf4j/jul-to-slf4j/1.7.25/jul-to-slf4j-1.7.25.jar:/home/administrator/.m2/repository/javax/annotation/javax.annotation-api/1.3.2/javax.annotation-api-1.3.2.jar:/home/administrator/.m2/repository/org/yaml/snakeyaml/1.19/snakeyaml-1.19.jar:/home/administrator/.m2/repository/org/springframework/boot/spring-boot-starter-json/2.0.3.RELEASE/spring-boot-starter-json-2.0.3.RELEASE.jar:/home/administrator/.m2/repository/com/fasterxml/jackson/datatype/jackson-datatype-jdk8/2.9.6/jackson-datatype-jdk8-2.9.6.jar:/home/administrator/.m2/repository/com/fasterxml/jackson/datatype/jackson-datatype-jsr310/2.9.6/jackson-datatype-jsr310-2.9.6.jar:/home/administrator/.m2/repository/com/fasterxml/jackson/module/jackson-module-parameter-names/2.9.6/jackson-module-parameter-names-2.9.6.jar:/home/administrator/.m2/repository/org/springframework/boot/spring-boot-starter-tomcat/2.0.3.RELEASE/spring-boot-starter-tomcat-2.0.3.RELEASE.jar:/home/administrator/.m2/repository/org/apache/tomcat/embed/tomcat-embed-core/8.5.31/tomcat-embed-core-8.5.31.jar:/home/administrator/.m2/repository/org/apache/tomcat/embed/tomcat-embed-el/8.5.31/tomcat-embed-el-8.5.31.jar:/home/administrator/.m2/repository/org/apache/tomcat/embed/tomcat-embed-websocket/8.5.31/tomcat-embed-websocket-8.5.31.jar:/home/administrator/.m2/repository/org/hibernate/validator/hibernate-validator/6.0.10.Final/hibernate-validator-6.0.10.Final.jar:/home/administrator/.m2/repository/javax/validation/validation-api/2.0.1.Final/validation-api-2.0.1.Final.jar:/home/administrator/.m2/repository/org/jboss/logging/jboss-logging/3.3.2.Final/jboss-logging-3.3.2.Final.jar:/home/administrator/.m2/repository/org/springframework/spring-web/5.0.7.RELEASE/spring-web-5.0.7.RELEASE.jar:/home/administrator/.m2/repository/org/springframework/boot/spring-boot-starter-test/2.0.3.RELEASE/spring-boot-starter-test-2.0.3.RELEASE.jar:/home/administrator/.m2/repository/org/springframework/boot/spring-boot-test/2.0.3.RELEASE/spring-boot-test-2.0.3.RELEASE.jar:/home/administrator/.m2/repository/org/springframework/boot/spring-boot-test-autoconfigure/2.0.3.RELEASE/spring-boot-test-autoconfigure-2.0.3.RELEASE.jar:/home/administrator/.m2/repository/com/jayway/jsonpath/json-path/2.4.0/json-path-2.4.0.jar:/home/administrator/.m2/repository/net/minidev/json-smart/2.3/json-smart-2.3.jar:/home/administrator/.m2/repository/net/minidev/accessors-smart/1.2/accessors-smart-1.2.jar:/home/administrator/.m2/repository/org/ow2/asm/asm/5.0.4/asm-5.0.4.jar:/home/administrator/.m2/repository/org/assertj/assertj-core/3.9.1/assertj-core-3.9.1.jar:/home/administrator/.m2/repository/org/mockito/mockito-core/2.15.0/mockito-core-2.15.0.jar:/home/administrator/.m2/repository/net/bytebuddy/byte-buddy/1.7.11/byte-buddy-1.7.11.jar:/home/administrator/.m2/repository/net/bytebuddy/byte-buddy-agent/1.7.11/byte-buddy-agent-1.7.11.jar:/home/administrator/.m2/repository/org/objenesis/objenesis/2.6/objenesis-2.6.jar:/home/administrator/.m2/repository/org/hamcrest/hamcrest-core/1.3/hamcrest-core-1.3.jar:/home/administrator/.m2/repository/org/hamcrest/hamcrest-library/1.3/hamcrest-library-1.3.jar:/home/administrator/.m2/repository/org/skyscreamer/jsonassert/1.5.0/jsonassert-1.5.0.jar:/home/administrator/.m2/repository/com/vaadin/external/google/android-json/0.0.20131108.vaadin1/android-json-0.0.20131108.vaadin1.jar:/home/administrator/.m2/repository/org/springframework/spring-core/5.0.7.RELEASE/spring-core-5.0.7.RELEASE.jar:/home/administrator/.m2/repository/org/springframework/spring-jcl/5.0.7.RELEASE/spring-jcl-5.0.7.RELEASE.jar:/home/administrator/.m2/repository/org/springframework/spring-test/5.0.7.RELEASE/spring-test-5.0.7.RELEASE.jar:/home/administrator/.m2/repository/org/xmlunit/xmlunit-core/2.5.1/xmlunit-core-2.5.1.jar:/home/administrator/.m2/repository/org/springframework/boot/spring-boot-starter-mail/2.0.3.RELEASE/spring-boot-starter-mail-2.0.3.RELEASE.jar:/home/administrator/.m2/repository/org/springframework/spring-context/5.0.7.RELEASE/spring-context-5.0.7.RELEASE.jar:/home/administrator/.m2/repository/org/springframework/spring-context-support/5.0.7.RELEASE/spring-context-support-5.0.7.RELEASE.jar:/home/administrator/.m2/repository/com/sun/mail/javax.mail/1.6.1/javax.mail-1.6.1.jar:/home/administrator/.m2/repository/javax/activation/activation/1.1/activation-1.1.jar:/home/administrator/.m2/repository/org/springframework/boot/spring-boot-starter-data-mongodb/2.0.3.RELEASE/spring-boot-starter-data-mongodb-2.0.3.RELEASE.jar:/home/administrator/.m2/repository/org/mongodb/mongodb-driver/3.6.4/mongodb-driver-3.6.4.jar:/home/administrator/.m2/repository/org/mongodb/bson/3.6.4/bson-3.6.4.jar:/home/administrator/.m2/repository/org/mongodb/mongodb-driver-core/3.6.4/mongodb-driver-core-3.6.4.jar:/home/administrator/.m2/repository/org/springframework/data/spring-data-mongodb/2.0.8.RELEASE/spring-data-mongodb-2.0.8.RELEASE.jar:/home/administrator/.m2/repository/io/jsonwebtoken/jjwt/0.9.1/jjwt-0.9.1.jar:/home/administrator/.m2/repository/com/fasterxml/jackson/core/jackson-databind/2.9.6/jackson-databind-2.9.6.jar:/home/administrator/.m2/repository/com/fasterxml/jackson/core/jackson-annotations/2.9.0/jackson-annotations-2.9.0.jar:/home/administrator/.m2/repository/io/springfox/springfox-swagger2/2.5.0/springfox-swagger2-2.5.0.jar:/home/administrator/.m2/repository/io/swagger/swagger-annotations/1.5.9/swagger-annotations-1.5.9.jar:/home/administrator/.m2/repository/io/swagger/swagger-models/1.5.9/swagger-models-1.5.9.jar:/home/administrator/.m2/repository/io/springfox/springfox-spi/2.5.0/springfox-spi-2.5.0.jar:/home/administrator/.m2/repository/io/springfox/springfox-core/2.5.0/springfox-core-2.5.0.jar:/home/administrator/.m2/repository/io/springfox/springfox-schema/2.5.0/springfox-schema-2.5.0.jar:/home/administrator/.m2/repository/io/springfox/springfox-swagger-common/2.5.0/springfox-swagger-common-2.5.0.jar:/home/administrator/.m2/repository/io/springfox/springfox-spring-web/2.5.0/springfox-spring-web-2.5.0.jar:/home/administrator/.m2/repository/com/google/guava/guava/18.0/guava-18.0.jar:/home/administrator/.m2/repository/com/fasterxml/classmate/1.3.4/classmate-1.3.4.jar:/home/administrator/.m2/repository/org/slf4j/slf4j-api/1.7.25/slf4j-api-1.7.25.jar:/home/administrator/.m2/repository/org/springframework/plugin/spring-plugin-core/1.2.0.RELEASE/spring-plugin-core-1.2.0.RELEASE.jar:/home/administrator/.m2/repository/org/springframework/plugin/spring-plugin-metadata/1.2.0.RELEASE/spring-plugin-metadata-1.2.0.RELEASE.jar:/home/administrator/.m2/repository/org/mapstruct/mapstruct/1.0.0.Final/mapstruct-1.0.0.Final.jar:/home/administrator/.m2/repository/io/springfox/springfox-swagger-ui/2.5.0/springfox-swagger-ui-2.5.0.jar:/home/administrator/.m2/repository/org/springframework/security/spring-security-core/5.0.6.RELEASE/spring-security-core-5.0.6.RELEASE.jar:/home/administrator/.m2/repository/org/springframework/spring-aop/5.0.7.RELEASE/spring-aop-5.0.7.RELEASE.jar:/home/administrator/.m2/repository/org/springframework/spring-beans/5.0.7.RELEASE/spring-beans-5.0.7.RELEASE.jar:/home/administrator/.m2/repository/org/springframework/spring-expression/5.0.7.RELEASE/spring-expression-5.0.7.RELEASE.jar:/home/administrator/.m2/repository/javax/jms/javax.jms-api/2.0.1/javax.jms-api-2.0.1.jar:/home/administrator/.m2/repository/org/json/json/20160212/json-20160212.jar:/home/administrator/.m2/repository/org/springframework/spring-webmvc/5.0.7.RELEASE/spring-webmvc-5.0.7.RELEASE.jar:/home/administrator/.m2/repository/junit/junit/4.12/junit-4.12.jar:/home/administrator/.m2/repository/org/mockito/mockito-all/1.9.5/mockito-all-1.9.5.jar:/home/administrator/.m2/repository/com/h2database/h2/1.4.197/h2-1.4.197.jar:/home/administrator/.m2/repository/org/springframework/boot/spring-boot-starter-amqp/2.0.3.RELEASE/spring-boot-starter-amqp-2.0.3.RELEASE.jar:/home/administrator/.m2/repository/org/springframework/spring-messaging/5.0.7.RELEASE/spring-messaging-5.0.7.RELEASE.jar:/home/administrator/.m2/repository/org/springframework/amqp/spring-rabbit/2.0.4.RELEASE/spring-rabbit-2.0.4.RELEASE.jar:/home/administrator/.m2/repository/org/springframework/amqp/spring-amqp/2.0.4.RELEASE/spring-amqp-2.0.4.RELEASE.jar:/home/administrator/.m2/repository/com/rabbitmq/amqp-client/5.1.2/amqp-client-5.1.2.jar:/home/administrator/.m2/repository/org/springframework/retry/spring-retry/1.2.2.RELEASE/spring-retry-1.2.2.RELEASE.jar:/home/administrator/.m2/repository/org/modelmapper/modelmapper/0.7.5/modelmapper-0.7.5.jar:/home/administrator/.m2/repository/org/springframework/data/spring-data-elasticsearch/3.0.8.RELEASE/spring-data-elasticsearch-3.0.8.RELEASE.jar:/home/administrator/.m2/repository/org/springframework/spring-tx/5.0.7.RELEASE/spring-tx-5.0.7.RELEASE.jar:/home/administrator/.m2/repository/org/springframework/data/spring-data-commons/2.0.8.RELEASE/spring-data-commons-2.0.8.RELEASE.jar:/home/administrator/.m2/repository/commons-lang/commons-lang/2.6/commons-lang-2.6.jar:/home/administrator/.m2/repository/joda-time/joda-time/2.9.9/joda-time-2.9.9.jar:/home/administrator/.m2/repository/org/elasticsearch/elasticsearch/5.6.10/elasticsearch-5.6.10.jar:/home/administrator/.m2/repository/org/apache/lucene/lucene-core/6.6.1/lucene-core-6.6.1.jar:/home/administrator/.m2/repository/org/apache/lucene/lucene-analyzers-common/6.6.1/lucene-analyzers-common-6.6.1.jar:/home/administrator/.m2/repository/org/apache/lucene/lucene-backward-codecs/6.6.1/lucene-backward-codecs-6.6.1.jar:/home/administrator/.m2/repository/org/apache/lucene/lucene-grouping/6.6.1/lucene-grouping-6.6.1.jar:/home/administrator/.m2/repository/org/apache/lucene/lucene-highlighter/6.6.1/lucene-highlighter-6.6.1.jar:/home/administrator/.m2/repository/org/apache/lucene/lucene-join/6.6.1/lucene-join-6.6.1.jar:/home/administrator/.m2/repository/org/apache/lucene/lucene-memory/6.6.1/lucene-memory-6.6.1.jar:/home/administrator/.m2/repository/org/apache/lucene/lucene-misc/6.6.1/lucene-misc-6.6.1.jar:/home/administrator/.m2/repository/org/apache/lucene/lucene-queries/6.6.1/lucene-queries-6.6.1.jar:/home/administrator/.m2/repository/org/apache/lucene/lucene-queryparser/6.6.1/lucene-queryparser-6.6.1.jar:/home/administrator/.m2/repository/org/apache/lucene/lucene-sandbox/6.6.1/lucene-sandbox-6.6.1.jar:/home/administrator/.m2/repository/org/apache/lucene/lucene-spatial/6.6.1/lucene-spatial-6.6.1.jar:/home/administrator/.m2/repository/org/apache/lucene/lucene-spatial-extras/6.6.1/lucene-spatial-extras-6.6.1.jar:/home/administrator/.m2/repository/org/apache/lucene/lucene-spatial3d/6.6.1/lucene-spatial3d-6.6.1.jar:/home/administrator/.m2/repository/org/apache/lucene/lucene-suggest/6.6.1/lucene-suggest-6.6.1.jar:/home/administrator/.m2/repository/org/elasticsearch/securesm/1.2/securesm-1.2.jar:/home/administrator/.m2/repository/net/sf/jopt-simple/jopt-simple/5.0.2/jopt-simple-5.0.2.jar:/home/administrator/.m2/repository/com/carrotsearch/hppc/0.7.1/hppc-0.7.1.jar:/home/administrator/.m2/repository/com/fasterxml/jackson/dataformat/jackson-dataformat-smile/2.9.6/jackson-dataformat-smile-2.9.6.jar:/home/administrator/.m2/repository/com/fasterxml/jackson/dataformat/jackson-dataformat-yaml/2.9.6/jackson-dataformat-yaml-2.9.6.jar:/home/administrator/.m2/repository/com/fasterxml/jackson/dataformat/jackson-dataformat-cbor/2.9.6/jackson-dataformat-cbor-2.9.6.jar:/home/administrator/.m2/repository/com/tdunning/t-digest/3.0/t-digest-3.0.jar:/home/administrator/.m2/repository/org/hdrhistogram/HdrHistogram/2.1.9/HdrHistogram-2.1.9.jar:/home/administrator/.m2/repository/org/apache/logging/log4j/log4j-api/2.10.0/log4j-api-2.10.0.jar:/home/administrator/.m2/repository/org/elasticsearch/jna/4.4.0-1/jna-4.4.0-1.jar:/home/administrator/.m2/repository/org/elasticsearch/client/transport/5.6.10/transport-5.6.10.jar:/home/administrator/.m2/repository/org/elasticsearch/plugin/reindex-client/5.6.10/reindex-client-5.6.10.jar:/home/administrator/.m2/repository/org/elasticsearch/client/elasticsearch-rest-client/5.6.10/elasticsearch-rest-client-5.6.10.jar:/home/administrator/.m2/repository/org/apache/httpcomponents/httpclient/4.5.5/httpclient-4.5.5.jar:/home/administrator/.m2/repository/org/apache/httpcomponents/httpcore/4.4.9/httpcore-4.4.9.jar:/home/administrator/.m2/repository/org/apache/httpcomponents/httpasyncclient/4.1.3/httpasyncclient-4.1.3.jar:/home/administrator/.m2/repository/org/apache/httpcomponents/httpcore-nio/4.4.9/httpcore-nio-4.4.9.jar:/home/administrator/.m2/repository/commons-codec/commons-codec/1.11/commons-codec-1.11.jar:/home/administrator/.m2/repository/org/elasticsearch/plugin/lang-mustache-client/5.6.10/lang-mustache-client-5.6.10.jar:/home/administrator/.m2/repository/com/github/spullara/mustache/java/compiler/0.9.3/compiler-0.9.3.jar:/home/administrator/.m2/repository/org/elasticsearch/plugin/percolator-client/5.6.10/percolator-client-5.6.10.jar:/home/administrator/.m2/repository/org/elasticsearch/plugin/parent-join-client/5.6.10/parent-join-client-5.6.10.jar:/home/administrator/.m2/repository/org/elasticsearch/plugin/transport-netty4-client/5.6.10/transport-netty4-client-5.6.10.jar:/home/administrator/.m2/repository/io/netty/netty-buffer/4.1.25.Final/netty-buffer-4.1.25.Final.jar:/home/administrator/.m2/repository/io/netty/netty-codec/4.1.25.Final/netty-codec-4.1.25.Final.jar:/home/administrator/.m2/repository/io/netty/netty-codec-http/4.1.25.Final/netty-codec-http-4.1.25.Final.jar:/home/administrator/.m2/repository/io/netty/netty-common/4.1.25.Final/netty-common-4.1.25.Final.jar:/home/administrator/.m2/repository/io/netty/netty-handler/4.1.25.Final/netty-handler-4.1.25.Final.jar:/home/administrator/.m2/repository/io/netty/netty-resolver/4.1.25.Final/netty-resolver-4.1.25.Final.jar:/home/administrator/.m2/repository/io/netty/netty-transport/4.1.25.Final/netty-transport-4.1.25.Final.jar:/home/administrator/.m2/repository/org/locationtech/spatial4j/spatial4j/0.6/spatial4j-0.6.jar:/home/administrator/.m2/repository/com/vividsolutions/jts/1.13/jts-1.13.jar:/home/administrator/.m2/repository/org/apache/logging/log4j/log4j-core/2.10.0/log4j-core-2.10.0.jar:/home/administrator/.m2/repository/com/fasterxml/jackson/core/jackson-core/2.9.6/jackson-core-2.9.6.jar:/home/administrator/.m2/repository/org/springframework/boot/spring-boot-starter-data-elasticsearch/2.0.3.RELEASE/spring-boot-starter-data-elasticsearch-2.0.3.RELEASE.jar:, java.specification.name=Java Platform API Specification, java.class.version=52.0, sun.management.compiler=HotSpot 64-Bit Tiered Compilers, os.version=4.15.0-29-generic, user.home=/home/administrator, user.timezone=Asia/Kolkata, java.awt.printerjob=sun.print.PSPrinterJob, file.encoding=UTF-8, java.specification.version=1.8, java.class.path=/home/administrator/funDoNotes/FunDooNotes/target/test-classes:/home/administrator/funDoNotes/FunDooNotes/target/classes:/home/administrator/.m2/repository/org/springframework/boot/spring-boot-starter-web/2.0.3.RELEASE/spring-boot-starter-web-2.0.3.RELEASE.jar:/home/administrator/.m2/repository/org/springframework/boot/spring-boot-starter/2.0.3.RELEASE/spring-boot-starter-2.0.3.RELEASE.jar:/home/administrator/.m2/repository/org/springframework/boot/spring-boot/2.0.3.RELEASE/spring-boot-2.0.3.RELEASE.jar:/home/administrator/.m2/repository/org/springframework/boot/spring-boot-autoconfigure/2.0.3.RELEASE/spring-boot-autoconfigure-2.0.3.RELEASE.jar:/home/administrator/.m2/repository/org/springframework/boot/spring-boot-starter-logging/2.0.3.RELEASE/spring-boot-starter-logging-2.0.3.RELEASE.jar:/home/administrator/.m2/repository/ch/qos/logback/logback-classic/1.2.3/logback-classic-1.2.3.jar:/home/administrator/.m2/repository/ch/qos/logback/logback-core/1.2.3/logback-core-1.2.3.jar:/home/administrator/.m2/repository/org/apache/logging/log4j/log4j-to-slf4j/2.10.0/log4j-to-slf4j-2.10.0.jar:/home/administrator/.m2/repository/org/slf4j/jul-to-slf4j/1.7.25/jul-to-slf4j-1.7.25.jar:/home/administrator/.m2/repository/javax/annotation/javax.annotation-api/1.3.2/javax.annotation-api-1.3.2.jar:/home/administrator/.m2/repository/org/yaml/snakeyaml/1.19/snakeyaml-1.19.jar:/home/administrator/.m2/repository/org/springframework/boot/spring-boot-starter-json/2.0.3.RELEASE/spring-boot-starter-json-2.0.3.RELEASE.jar:/home/administrator/.m2/repository/com/fasterxml/jackson/datatype/jackson-datatype-jdk8/2.9.6/jackson-datatype-jdk8-2.9.6.jar:/home/administrator/.m2/repository/com/fasterxml/jackson/datatype/jackson-datatype-jsr310/2.9.6/jackson-datatype-jsr310-2.9.6.jar:/home/administrator/.m2/repository/com/fasterxml/jackson/module/jackson-module-parameter-names/2.9.6/jackson-module-parameter-names-2.9.6.jar:/home/administrator/.m2/repository/org/springframework/boot/spring-boot-starter-tomcat/2.0.3.RELEASE/spring-boot-starter-tomcat-2.0.3.RELEASE.jar:/home/administrator/.m2/repository/org/apache/tomcat/embed/tomcat-embed-core/8.5.31/tomcat-embed-core-8.5.31.jar:/home/administrator/.m2/repository/org/apache/tomcat/embed/tomcat-embed-el/8.5.31/tomcat-embed-el-8.5.31.jar:/home/administrator/.m2/repository/org/apache/tomcat/embed/tomcat-embed-websocket/8.5.31/tomcat-embed-websocket-8.5.31.jar:/home/administrator/.m2/repository/org/hibernate/validator/hibernate-validator/6.0.10.Final/hibernate-validator-6.0.10.Final.jar:/home/administrator/.m2/repository/javax/validation/validation-api/2.0.1.Final/validation-api-2.0.1.Final.jar:/home/administrator/.m2/repository/org/jboss/logging/jboss-logging/3.3.2.Final/jboss-logging-3.3.2.Final.jar:/home/administrator/.m2/repository/org/springframework/spring-web/5.0.7.RELEASE/spring-web-5.0.7.RELEASE.jar:/home/administrator/.m2/repository/org/springframework/boot/spring-boot-starter-test/2.0.3.RELEASE/spring-boot-starter-test-2.0.3.RELEASE.jar:/home/administrator/.m2/repository/org/springframework/boot/spring-boot-test/2.0.3.RELEASE/spring-boot-test-2.0.3.RELEASE.jar:/home/administrator/.m2/repository/org/springframework/boot/spring-boot-test-autoconfigure/2.0.3.RELEASE/spring-boot-test-autoconfigure-2.0.3.RELEASE.jar:/home/administrator/.m2/repository/com/jayway/jsonpath/json-path/2.4.0/json-path-2.4.0.jar:/home/administrator/.m2/repository/net/minidev/json-smart/2.3/json-smart-2.3.jar:/home/administrator/.m2/repository/net/minidev/accessors-smart/1.2/accessors-smart-1.2.jar:/home/administrator/.m2/repository/org/ow2/asm/asm/5.0.4/asm-5.0.4.jar:/home/administrator/.m2/repository/org/assertj/assertj-core/3.9.1/assertj-core-3.9.1.jar:/home/administrator/.m2/repository/org/mockito/mockito-core/2.15.0/mockito-core-2.15.0.jar:/home/administrator/.m2/repository/net/bytebuddy/byte-buddy/1.7.11/byte-buddy-1.7.11.jar:/home/administrator/.m2/repository/net/bytebuddy/byte-buddy-agent/1.7.11/byte-buddy-agent-1.7.11.jar:/home/administrator/.m2/repository/org/objenesis/objenesis/2.6/objenesis-2.6.jar:/home/administrator/.m2/repository/org/hamcrest/hamcrest-core/1.3/hamcrest-core-1.3.jar:/home/administrator/.m2/repository/org/hamcrest/hamcrest-library/1.3/hamcrest-library-1.3.jar:/home/administrator/.m2/repository/org/skyscreamer/jsonassert/1.5.0/jsonassert-1.5.0.jar:/home/administrator/.m2/repository/com/vaadin/external/google/android-json/0.0.20131108.vaadin1/android-json-0.0.20131108.vaadin1.jar:/home/administrator/.m2/repository/org/springframework/spring-core/5.0.7.RELEASE/spring-core-5.0.7.RELEASE.jar:/home/administrator/.m2/repository/org/springframework/spring-jcl/5.0.7.RELEASE/spring-jcl-5.0.7.RELEASE.jar:/home/administrator/.m2/repository/org/springframework/spring-test/5.0.7.RELEASE/spring-test-5.0.7.RELEASE.jar:/home/administrator/.m2/repository/org/xmlunit/xmlunit-core/2.5.1/xmlunit-core-2.5.1.jar:/home/administrator/.m2/repository/org/springframework/boot/spring-boot-starter-mail/2.0.3.RELEASE/spring-boot-starter-mail-2.0.3.RELEASE.jar:/home/administrator/.m2/repository/org/springframework/spring-context/5.0.7.RELEASE/spring-context-5.0.7.RELEASE.jar:/home/administrator/.m2/repository/org/springframework/spring-context-support/5.0.7.RELEASE/spring-context-support-5.0.7.RELEASE.jar:/home/administrator/.m2/repository/com/sun/mail/javax.mail/1.6.1/javax.mail-1.6.1.jar:/home/administrator/.m2/repository/javax/activation/activation/1.1/activation-1.1.jar:/home/administrator/.m2/repository/org/springframework/boot/spring-boot-starter-data-mongodb/2.0.3.RELEASE/spring-boot-starter-data-mongodb-2.0.3.RELEASE.jar:/home/administrator/.m2/repository/org/mongodb/mongodb-driver/3.6.4/mongodb-driver-3.6.4.jar:/home/administrator/.m2/repository/org/mongodb/bson/3.6.4/bson-3.6.4.jar:/home/administrator/.m2/repository/org/mongodb/mongodb-driver-core/3.6.4/mongodb-driver-core-3.6.4.jar:/home/administrator/.m2/repository/org/springframework/data/spring-data-mongodb/2.0.8.RELEASE/spring-data-mongodb-2.0.8.RELEASE.jar:/home/administrator/.m2/repository/io/jsonwebtoken/jjwt/0.9.1/jjwt-0.9.1.jar:/home/administrator/.m2/repository/com/fasterxml/jackson/core/jackson-databind/2.9.6/jackson-databind-2.9.6.jar:/home/administrator/.m2/repository/com/fasterxml/jackson/core/jackson-annotations/2.9.0/jackson-annotations-2.9.0.jar:/home/administrator/.m2/repository/io/springfox/springfox-swagger2/2.5.0/springfox-swagger2-2.5.0.jar:/home/administrator/.m2/repository/io/swagger/swagger-annotations/1.5.9/swagger-annotations-1.5.9.jar:/home/administrator/.m2/repository/io/swagger/swagger-models/1.5.9/swagger-models-1.5.9.jar:/home/administrator/.m2/repository/io/springfox/springfox-spi/2.5.0/springfox-spi-2.5.0.jar:/home/administrator/.m2/repository/io/springfox/springfox-core/2.5.0/springfox-core-2.5.0.jar:/home/administrator/.m2/repository/io/springfox/springfox-schema/2.5.0/springfox-schema-2.5.0.jar:/home/administrator/.m2/repository/io/springfox/springfox-swagger-common/2.5.0/springfox-swagger-common-2.5.0.jar:/home/administrator/.m2/repository/io/springfox/springfox-spring-web/2.5.0/springfox-spring-web-2.5.0.jar:/home/administrator/.m2/repository/com/google/guava/guava/18.0/guava-18.0.jar:/home/administrator/.m2/repository/com/fasterxml/classmate/1.3.4/classmate-1.3.4.jar:/home/administrator/.m2/repository/org/slf4j/slf4j-api/1.7.25/slf4j-api-1.7.25.jar:/home/administrator/.m2/repository/org/springframework/plugin/spring-plugin-core/1.2.0.RELEASE/spring-plugin-core-1.2.0.RELEASE.jar:/home/administrator/.m2/repository/org/springframework/plugin/spring-plugin-metadata/1.2.0.RELEASE/spring-plugin-metadata-1.2.0.RELEASE.jar:/home/administrator/.m2/repository/org/mapstruct/mapstruct/1.0.0.Final/mapstruct-1.0.0.Final.jar:/home/administrator/.m2/repository/io/springfox/springfox-swagger-ui/2.5.0/springfox-swagger-ui-2.5.0.jar:/home/administrator/.m2/repository/org/springframework/security/spring-security-core/5.0.6.RELEASE/spring-security-core-5.0.6.RELEASE.jar:/home/administrator/.m2/repository/org/springframework/spring-aop/5.0.7.RELEASE/spring-aop-5.0.7.RELEASE.jar:/home/administrator/.m2/repository/org/springframework/spring-beans/5.0.7.RELEASE/spring-beans-5.0.7.RELEASE.jar:/home/administrator/.m2/repository/org/springframework/spring-expression/5.0.7.RELEASE/spring-expression-5.0.7.RELEASE.jar:/home/administrator/.m2/repository/javax/jms/javax.jms-api/2.0.1/javax.jms-api-2.0.1.jar:/home/administrator/.m2/repository/org/json/json/20160212/json-20160212.jar:/home/administrator/.m2/repository/org/springframework/spring-webmvc/5.0.7.RELEASE/spring-webmvc-5.0.7.RELEASE.jar:/home/administrator/.m2/repository/junit/junit/4.12/junit-4.12.jar:/home/administrator/.m2/repository/org/mockito/mockito-all/1.9.5/mockito-all-1.9.5.jar:/home/administrator/.m2/repository/com/h2database/h2/1.4.197/h2-1.4.197.jar:/home/administrator/.m2/repository/org/springframework/boot/spring-boot-starter-amqp/2.0.3.RELEASE/spring-boot-starter-amqp-2.0.3.RELEASE.jar:/home/administrator/.m2/repository/org/springframework/spring-messaging/5.0.7.RELEASE/spring-messaging-5.0.7.RELEASE.jar:/home/administrator/.m2/repository/org/springframework/amqp/spring-rabbit/2.0.4.RELEASE/spring-rabbit-2.0.4.RELEASE.jar:/home/administrator/.m2/repository/org/springframework/amqp/spring-amqp/2.0.4.RELEASE/spring-amqp-2.0.4.RELEASE.jar:/home/administrator/.m2/repository/com/rabbitmq/amqp-client/5.1.2/amqp-client-5.1.2.jar:/home/administrator/.m2/repository/org/springframework/retry/spring-retry/1.2.2.RELEASE/spring-retry-1.2.2.RELEASE.jar:/home/administrator/.m2/repository/org/modelmapper/modelmapper/0.7.5/modelmapper-0.7.5.jar:/home/administrator/.m2/repository/org/springframework/data/spring-data-elasticsearch/3.0.8.RELEASE/spring-data-elasticsearch-3.0.8.RELEASE.jar:/home/administrator/.m2/repository/org/springframework/spring-tx/5.0.7.RELEASE/spring-tx-5.0.7.RELEASE.jar:/home/administrator/.m2/repository/org/springframework/data/spring-data-commons/2.0.8.RELEASE/spring-data-commons-2.0.8.RELEASE.jar:/home/administrator/.m2/repository/commons-lang/commons-lang/2.6/commons-lang-2.6.jar:/home/administrator/.m2/repository/joda-time/joda-time/2.9.9/joda-time-2.9.9.jar:/home/administrator/.m2/repository/org/elasticsearch/elasticsearch/5.6.10/elasticsearch-5.6.10.jar:/home/administrator/.m2/repository/org/apache/lucene/lucene-core/6.6.1/lucene-core-6.6.1.jar:/home/administrator/.m2/repository/org/apache/lucene/lucene-analyzers-common/6.6.1/lucene-analyzers-common-6.6.1.jar:/home/administrator/.m2/repository/org/apache/lucene/lucene-backward-codecs/6.6.1/lucene-backward-codecs-6.6.1.jar:/home/administrator/.m2/repository/org/apache/lucene/lucene-grouping/6.6.1/lucene-grouping-6.6.1.jar:/home/administrator/.m2/repository/org/apache/lucene/lucene-highlighter/6.6.1/lucene-highlighter-6.6.1.jar:/home/administrator/.m2/repository/org/apache/lucene/lucene-join/6.6.1/lucene-join-6.6.1.jar:/home/administrator/.m2/repository/org/apache/lucene/lucene-memory/6.6.1/lucene-memory-6.6.1.jar:/home/administrator/.m2/repository/org/apache/lucene/lucene-misc/6.6.1/lucene-misc-6.6.1.jar:/home/administrator/.m2/repository/org/apache/lucene/lucene-queries/6.6.1/lucene-queries-6.6.1.jar:/home/administrator/.m2/repository/org/apache/lucene/lucene-queryparser/6.6.1/lucene-queryparser-6.6.1.jar:/home/administrator/.m2/repository/org/apache/lucene/lucene-sandbox/6.6.1/lucene-sandbox-6.6.1.jar:/home/administrator/.m2/repository/org/apache/lucene/lucene-spatial/6.6.1/lucene-spatial-6.6.1.jar:/home/administrator/.m2/repository/org/apache/lucene/lucene-spatial-extras/6.6.1/lucene-spatial-extras-6.6.1.jar:/home/administrator/.m2/repository/org/apache/lucene/lucene-spatial3d/6.6.1/lucene-spatial3d-6.6.1.jar:/home/administrator/.m2/repository/org/apache/lucene/lucene-suggest/6.6.1/lucene-suggest-6.6.1.jar:/home/administrator/.m2/repository/org/elasticsearch/securesm/1.2/securesm-1.2.jar:/home/administrator/.m2/repository/net/sf/jopt-simple/jopt-simple/5.0.2/jopt-simple-5.0.2.jar:/home/administrator/.m2/repository/com/carrotsearch/hppc/0.7.1/hppc-0.7.1.jar:/home/administrator/.m2/repository/com/fasterxml/jackson/dataformat/jackson-dataformat-smile/2.9.6/jackson-dataformat-smile-2.9.6.jar:/home/administrator/.m2/repository/com/fasterxml/jackson/dataformat/jackson-dataformat-yaml/2.9.6/jackson-dataformat-yaml-2.9.6.jar:/home/administrator/.m2/repository/com/fasterxml/jackson/dataformat/jackson-dataformat-cbor/2.9.6/jackson-dataformat-cbor-2.9.6.jar:/home/administrator/.m2/repository/com/tdunning/t-digest/3.0/t-digest-3.0.jar:/home/administrator/.m2/repository/org/hdrhistogram/HdrHistogram/2.1.9/HdrHistogram-2.1.9.jar:/home/administrator/.m2/repository/org/apache/logging/log4j/log4j-api/2.10.0/log4j-api-2.10.0.jar:/home/administrator/.m2/repository/org/elasticsearch/jna/4.4.0-1/jna-4.4.0-1.jar:/home/administrator/.m2/repository/org/elasticsearch/client/transport/5.6.10/transport-5.6.10.jar:/home/administrator/.m2/repository/org/elasticsearch/plugin/reindex-client/5.6.10/reindex-client-5.6.10.jar:/home/administrator/.m2/repository/org/elasticsearch/client/elasticsearch-rest-client/5.6.10/elasticsearch-rest-client-5.6.10.jar:/home/administrator/.m2/repository/org/apache/httpcomponents/httpclient/4.5.5/httpclient-4.5.5.jar:/home/administrator/.m2/repository/org/apache/httpcomponents/httpcore/4.4.9/httpcore-4.4.9.jar:/home/administrator/.m2/repository/org/apache/httpcomponents/httpasyncclient/4.1.3/httpasyncclient-4.1.3.jar:/home/administrator/.m2/repository/org/apache/httpcomponents/httpcore-nio/4.4.9/httpcore-nio-4.4.9.jar:/home/administrator/.m2/repository/commons-codec/commons-codec/1.11/commons-codec-1.11.jar:/home/administrator/.m2/repository/org/elasticsearch/plugin/lang-mustache-client/5.6.10/lang-mustache-client-5.6.10.jar:/home/administrator/.m2/repository/com/github/spullara/mustache/java/compiler/0.9.3/compiler-0.9.3.jar:/home/administrator/.m2/repository/org/elasticsearch/plugin/percolator-client/5.6.10/percolator-client-5.6.10.jar:/home/administrator/.m2/repository/org/elasticsearch/plugin/parent-join-client/5.6.10/parent-join-client-5.6.10.jar:/home/administrator/.m2/repository/org/elasticsearch/plugin/transport-netty4-client/5.6.10/transport-netty4-client-5.6.10.jar:/home/administrator/.m2/repository/io/netty/netty-buffer/4.1.25.Final/netty-buffer-4.1.25.Final.jar:/home/administrator/.m2/repository/io/netty/netty-codec/4.1.25.Final/netty-codec-4.1.25.Final.jar:/home/administrator/.m2/repository/io/netty/netty-codec-http/4.1.25.Final/netty-codec-http-4.1.25.Final.jar:/home/administrator/.m2/repository/io/netty/netty-common/4.1.25.Final/netty-common-4.1.25.Final.jar:/home/administrator/.m2/repository/io/netty/netty-handler/4.1.25.Final/netty-handler-4.1.25.Final.jar:/home/administrator/.m2/repository/io/netty/netty-resolver/4.1.25.Final/netty-resolver-4.1.25.Final.jar:/home/administrator/.m2/repository/io/netty/netty-transport/4.1.25.Final/netty-transport-4.1.25.Final.jar:/home/administrator/.m2/repository/org/locationtech/spatial4j/spatial4j/0.6/spatial4j-0.6.jar:/home/administrator/.m2/repository/com/vividsolutions/jts/1.13/jts-1.13.jar:/home/administrator/.m2/repository/org/apache/logging/log4j/log4j-core/2.10.0/log4j-core-2.10.0.jar:/home/administrator/.m2/repository/com/fasterxml/jackson/core/jackson-core/2.9.6/jackson-core-2.9.6.jar:/home/administrator/.m2/repository/org/springframework/boot/spring-boot-starter-data-elasticsearch/2.0.3.RELEASE/spring-boot-starter-data-elasticsearch-2.0.3.RELEASE.jar:, user.name=administrator, java.vm.specification.version=1.8, sun.java.command=/home/administrator/funDoNotes/FunDooNotes/target/surefire/surefirebooter377570610637107537.jar /home/administrator/funDoNotes/FunDooNotes/target/surefire 2018-07-30T19-16-43_874-jvmRun1 surefire9112032796551399135tmp surefire_06299656645985526146tmp, java.home=/usr/lib/jvm/java-8-oracle/jre, sun.arch.data.model=64, user.language=en, java.specification.vendor=Oracle Corporation, awt.toolkit=sun.awt.X11.XToolkit, java.vm.info=mixed mode, java.version=1.8.0_171, java.ext.dirs=/usr/lib/jvm/java-8-oracle/jre/lib/ext:/usr/java/packages/lib/ext, sun.boot.class.path=/usr/lib/jvm/java-8-oracle/jre/lib/resources.jar:/usr/lib/jvm/java-8-oracle/jre/lib/rt.jar:/usr/lib/jvm/java-8-oracle/jre/lib/sunrsasign.jar:/usr/lib/jvm/java-8-oracle/jre/lib/jsse.jar:/usr/lib/jvm/java-8-oracle/jre/lib/jce.jar:/usr/lib/jvm/java-8-oracle/jre/lib/charsets.jar:/usr/lib/jvm/java-8-oracle/jre/lib/jfr.jar:/usr/lib/jvm/java-8-oracle/jre/classes, java.vendor=Oracle Corporation, localRepository=/home/administrator/.m2/repository, file.separator=/, java.vendor.url.bug=http://bugreport.sun.com/bugreport/, sun.io.unicode.encoding=UnicodeLittle, sun.cpu.endian=little, sun.desktop=gnome, sun.cpu.isalist=}}, SystemEnvironmentPropertySource@1997287019 {name='systemEnvironment', properties={PATH=/home/administrator/bin:/home/administrator/.local/bin:/usr/local/sbin:/usr/local/bin:/usr/sbin:/usr/bin:/sbin:/bin:/usr/games:/usr/local/games:/snap/bin:/usr/lib/jvm/java-8-oracle/bin:/usr/lib/jvm/java-8-oracle/db/bin:/usr/lib/jvm/java-8-oracle/jre/bin, XAUTHORITY=/home/administrator/.Xauthority, XMODIFIERS=@im=ibus, XDG_DATA_DIRS=/usr/share/ubuntu:/usr/share/gnome:/usr/local/share:/usr/share:/var/lib/snapd/desktop:/var/lib/snapd/desktop, GDMSESSION=ubuntu, MANDATORY_PATH=/usr/share/gconf/ubuntu.mandatory.path, GTK_IM_MODULE=ibus, DBUS_SESSION_BUS_ADDRESS=unix:abstract=/tmp/dbus-yJvbHtBWgN, DEFAULTS_PATH=/usr/share/gconf/ubuntu.default.path, XDG_CURRENT_DESKTOP=Unity, UPSTART_SESSION=unix:abstract=/com/ubuntu/upstart-session/1000/2409, QT4_IM_MODULE=xim, SESSION_MANAGER=local/admin:@/tmp/.ICE-unix/2664,unix/admin:/tmp/.ICE-unix/2664, QT_LINUX_ACCESSIBILITY_ALWAYS_ON=1, LOGNAME=administrator, JOB=dbus, PWD=/home/administrator/funDoNotes/FunDooNotes, DERBY_HOME=/usr/lib/jvm/java-8-oracle/db, IM_CONFIG_PHASE=1, LANGUAGE=en_IN:en, SHELL=/bin/bash, GIO_LAUNCHED_DESKTOP_FILE=/etc/xdg/autostart/nautilus-autostart.desktop, GTK2_MODULES=overlay-scrollbar, INSTANCE=, J2SDKDIR=/usr/lib/jvm/java-8-oracle, OLDPWD=/home/administrator/funDoNotes/FunDooNotes, GNOME_DESKTOP_SESSION_ID=this-is-deprecated, GTK_MODULES=gail:atk-bridge:unity-gtk-module, J2REDIR=/usr/lib/jvm/java-8-oracle/jre, GDK_SCALE=1, CLUTTER_IM_MODULE=xim, XDG_SESSION_PATH=/org/freedesktop/DisplayManager/Session0, SESSIONTYPE=gnome-session, XDG_SESSION_DESKTOP=ubuntu, SHLVL=0, OXYGEN_DISABLE_INNER_SHADOWS_HACK=1, COMPIZ_CONFIG_PROFILE=ubuntu, QT_IM_MODULE=ibus, JAVA_HOME=/usr/lib/jvm/java-8-oracle, XDG_CONFIG_DIRS=/etc/xdg/xdg-ubuntu:/usr/share/upstart/xdg:/etc/xdg, LANG=en_IN, GNOME_KEYRING_CONTROL=, XDG_SEAT_PATH=/org/freedesktop/DisplayManager/Seat0, XDG_SESSION_ID=c2, XDG_SESSION_TYPE=x11, DISPLAY=:0, GDM_LANG=en_US, XDG_GREETER_DATA_DIR=/var/lib/lightdm-data/administrator, LIBOVERLAY_SCROLLBAR=0, GPG_AGENT_INFO=/home/administrator/.gnupg/S.gpg-agent:0:1, GDK_CORE_DEVICE_EVENTS=1, DESKTOP_SESSION=ubuntu, SESSION=ubuntu, USER=administrator, XDG_MENU_PREFIX=gnome-, GIO_LAUNCHED_DESKTOP_FILE_PID=2833, QT_ACCESSIBILITY=1, SSH_AUTH_SOCK=/run/user/1000/keyring/ssh, XDG_SEAT=seat0, QT_QPA_PLATFORMTHEME=appmenu-qt5, XDG_VTNR=7, XDG_RUNTIME_DIR=/run/user/1000, HOME=/home/administrator, GNOME_KEYRING_PID=}}]
19:16:44.548 [main] DEBUG org.springframework.core.io.support.PathMatchingResourcePatternResolver - Resolved classpath location [com/bridgelabz/fundoonotes/] to resources [URL [file:/home/administrator/funDoNotes/FunDooNotes/target/test-classes/com/bridgelabz/fundoonotes/], URL [file:/home/administrator/funDoNotes/FunDooNotes/target/classes/com/bridgelabz/fundoonotes/]]
19:16:44.549 [main] DEBUG org.springframework.core.io.support.PathMatchingResourcePatternResolver - Looking for matching resources in directory tree [/home/administrator/funDoNotes/FunDooNotes/target/test-classes/com/bridgelabz/fundoonotes]
19:16:44.549 [main] DEBUG org.springframework.core.io.support.PathMatchingResourcePatternResolver - Searching directory [/home/administrator/funDoNotes/FunDooNotes/target/test-classes/com/bridgelabz/fundoonotes] for files matching pattern [/home/administrator/funDoNotes/FunDooNotes/target/test-classes/com/bridgelabz/fundoonotes/*.class]
19:16:44.551 [main] DEBUG org.springframework.core.io.support.PathMatchingResourcePatternResolver - Looking for matching resources in directory tree [/home/administrator/funDoNotes/FunDooNotes/target/classes/com/bridgelabz/fundoonotes]
19:16:44.551 [main] DEBUG org.springframework.core.io.support.PathMatchingResourcePatternResolver - Searching directory [/home/administrator/funDoNotes/FunDooNotes/target/classes/com/bridgelabz/fundoonotes] for files matching pattern [/home/administrator/funDoNotes/FunDooNotes/target/classes/com/bridgelabz/fundoonotes/*.class]
19:16:44.551 [main] DEBUG org.springframework.core.io.support.PathMatchingResourcePatternResolver - Resolved location pattern [classpath*:com/bridgelabz/fundoonotes/*.class] to resources [file [/home/administrator/funDoNotes/FunDooNotes/target/test-classes/com/bridgelabz/fundoonotes/FunDooNotesApplicationTests.class], file [/home/administrator/funDoNotes/FunDooNotes/target/test-classes/com/bridgelabz/fundoonotes/FunDooNotesTest.class], file [/home/administrator/funDoNotes/FunDooNotes/target/classes/com/bridgelabz/fundoonotes/FunDooNotesApplication.class]]
19:16:44.590 [main] DEBUG org.springframework.context.annotation.ClassPathScanningCandidateComponentProvider - Identified candidate component class: file [/home/administrator/funDoNotes/FunDooNotes/target/classes/com/bridgelabz/fundoonotes/FunDooNotesApplication.class]
19:16:44.591 [main] INFO org.springframework.boot.test.context.SpringBootTestContextBootstrapper - Found @SpringBootConfiguration com.bridgelabz.fundoonotes.FunDooNotesApplication for test class com.bridgelabz.fundoonotes.FunDooNotesApplicationTests
19:16:44.699 [main] DEBUG org.springframework.boot.test.context.SpringBootTestContextBootstrapper - @TestExecutionListeners is not present for class [com.bridgelabz.fundoonotes.FunDooNotesApplicationTests]: using defaults.
19:16:44.700 [main] INFO org.springframework.boot.test.context.SpringBootTestContextBootstrapper - Loaded default TestExecutionListener class names from location [META-INF/spring.factories]: [org.springframework.boot.test.mock.mockito.MockitoTestExecutionListener, org.springframework.boot.test.mock.mockito.ResetMocksTestExecutionListener, org.springframework.boot.test.autoconfigure.restdocs.RestDocsTestExecutionListener, org.springframework.boot.test.autoconfigure.web.client.MockRestServiceServerResetTestExecutionListener, org.springframework.boot.test.autoconfigure.web.servlet.MockMvcPrintOnlyOnFailureTestExecutionListener, org.springframework.boot.test.autoconfigure.web.servlet.WebDriverTestExecutionListener, org.springframework.test.context.web.ServletTestExecutionListener, org.springframework.test.context.support.DirtiesContextBeforeModesTestExecutionListener, org.springframework.test.context.support.DependencyInjectionTestExecutionListener, org.springframework.test.context.support.DirtiesContextTestExecutionListener, org.springframework.test.context.transaction.TransactionalTestExecutionListener, org.springframework.test.context.jdbc.SqlScriptsTestExecutionListener]
19:16:44.712 [main] INFO org.springframework.boot.test.context.SpringBootTestContextBootstrapper - Using TestExecutionListeners: [org.springframework.test.context.web.ServletTestExecutionListener@5fa07e12, org.springframework.test.context.support.DirtiesContextBeforeModesTestExecutionListener@55b53d44, org.springframework.boot.test.mock.mockito.MockitoTestExecutionListener@482bce4f, org.springframework.boot.test.autoconfigure.SpringBootDependencyInjectionTestExecutionListener@366647c2, org.springframework.test.context.support.DirtiesContextTestExecutionListener@6a6afff2, org.springframework.test.context.transaction.TransactionalTestExecutionListener@1649b0e6, org.springframework.test.context.jdbc.SqlScriptsTestExecutionListener@865dd6, org.springframework.boot.test.mock.mockito.ResetMocksTestExecutionListener@4da4253, org.springframework.boot.test.autoconfigure.restdocs.RestDocsTestExecutionListener@3972a855, org.springframework.boot.test.autoconfigure.web.client.MockRestServiceServerResetTestExecutionListener@62e7f11d, org.springframework.boot.test.autoconfigure.web.servlet.MockMvcPrintOnlyOnFailureTestExecutionListener@503d687a, org.springframework.boot.test.autoconfigure.web.servlet.WebDriverTestExecutionListener@6a370f4]
19:16:44.713 [main] DEBUG org.springframework.test.annotation.ProfileValueUtils - Retrieved @ProfileValueSourceConfiguration [null] for test class [com.bridgelabz.fundoonotes.FunDooNotesApplicationTests]
19:16:44.713 [main] DEBUG org.springframework.test.annotation.ProfileValueUtils - Retrieved ProfileValueSource type [class org.springframework.test.annotation.SystemProfileValueSource] for class [com.bridgelabz.fundoonotes.FunDooNotesApplicationTests]
19:16:44.714 [main] DEBUG org.springframework.test.annotation.ProfileValueUtils - Retrieved @ProfileValueSourceConfiguration [null] for test class [com.bridgelabz.fundoonotes.FunDooNotesApplicationTests]
19:16:44.714 [main] DEBUG org.springframework.test.annotation.ProfileValueUtils - Retrieved ProfileValueSource type [class org.springframework.test.annotation.SystemProfileValueSource] for class [com.bridgelabz.fundoonotes.FunDooNotesApplicationTests]
19:16:44.714 [main] DEBUG org.springframework.test.annotation.ProfileValueUtils - Retrieved @ProfileValueSourceConfiguration [null] for test class [com.bridgelabz.fundoonotes.FunDooNotesApplicationTests]
19:16:44.715 [main] DEBUG org.springframework.test.annotation.ProfileValueUtils - Retrieved ProfileValueSource type [class org.springframework.test.annotation.SystemProfileValueSource] for class [com.bridgelabz.fundoonotes.FunDooNotesApplicationTests]
19:16:44.718 [main] DEBUG org.springframework.test.context.support.AbstractDirtiesContextTestExecutionListener - Before test class: context [DefaultTestContext@2e55dd0c testClass = FunDooNotesApplicationTests, testInstance = [null], testMethod = [null], testException = [null], mergedContextConfiguration = [WebMergedContextConfiguration@74455848 testClass = FunDooNotesApplicationTests, locations = '{}', classes = '{class com.bridgelabz.fundoonotes.FunDooNotesApplication}', contextInitializerClasses = '[]', activeProfiles = '{}', propertySourceLocations = '{}', propertySourceProperties = '{org.springframework.boot.test.context.SpringBootTestContextBootstrapper=true}', contextCustomizers = set[org.springframework.boot.test.context.filter.ExcludeFilterContextCustomizer@2d127a61, org.springframework.boot.test.json.DuplicateJsonObjectContextCustomizerFactory$DuplicateJsonObjectContextCustomizer@70beb599, org.springframework.boot.test.mock.mockito.MockitoContextCustomizer@0, org.springframework.boot.test.web.client.TestRestTemplateContextCustomizer@6c3f5566, org.springframework.boot.test.autoconfigure.properties.PropertyMappingContextCustomizer@0, org.springframework.boot.test.autoconfigure.web.servlet.WebDriverContextCustomizerFactory$Customizer@3c0a50da], resourceBasePath = 'src/main/webapp', contextLoader = 'org.springframework.boot.test.context.SpringBootContextLoader', parent = [null]], attributes = map['org.springframework.test.context.web.ServletTestExecutionListener.activateListener' -> true]], class annotated with @DirtiesContext [false] with mode [null].
19:16:44.719 [main] DEBUG org.springframework.test.annotation.ProfileValueUtils - Retrieved @ProfileValueSourceConfiguration [null] for test class [com.bridgelabz.fundoonotes.FunDooNotesApplicationTests]
19:16:44.719 [main] DEBUG org.springframework.test.annotation.ProfileValueUtils - Retrieved ProfileValueSource type [class org.springframework.test.annotation.SystemProfileValueSource] for class [com.bridgelabz.fundoonotes.FunDooNotesApplicationTests]
19:16:44.733 [main] DEBUG org.springframework.core.env.StandardEnvironment - Adding PropertySource 'systemProperties' with lowest search precedence
19:16:44.733 [main] DEBUG org.springframework.core.env.StandardEnvironment - Adding PropertySource 'systemEnvironment' with lowest search precedence
19:16:44.733 [main] DEBUG org.springframework.core.env.StandardEnvironment - Initialized StandardEnvironment with PropertySources [MapPropertySource@1297836716 {name='systemProperties', properties={java.runtime.name=Java(TM) SE Runtime Environment, sun.boot.library.path=/usr/lib/jvm/java-8-oracle/jre/lib/amd64, java.vm.version=25.171-b11, java.vm.vendor=Oracle Corporation, java.vendor.url=http://java.oracle.com/, path.separator=:, java.vm.name=Java HotSpot(TM) 64-Bit Server VM, file.encoding.pkg=sun.io, user.country=IN, sun.java.launcher=SUN_STANDARD, sun.os.patch.level=unknown, java.vm.specification.name=Java Virtual Machine Specification, user.dir=/home/administrator/funDoNotes/FunDooNotes, java.runtime.version=1.8.0_171-b11, basedir=/home/administrator/funDoNotes/FunDooNotes, java.awt.graphicsenv=sun.awt.X11GraphicsEnvironment, java.endorsed.dirs=/usr/lib/jvm/java-8-oracle/jre/lib/endorsed, os.arch=amd64, surefire.real.class.path=/home/administrator/funDoNotes/FunDooNotes/target/surefire/surefirebooter377570610637107537.jar, java.io.tmpdir=/tmp, line.separator=
, java.vm.specification.vendor=Oracle Corporation, os.name=Linux, sun.jnu.encoding=UTF-8, java.library.path=/usr/java/packages/lib/amd64:/usr/lib64:/lib64:/lib:/usr/lib, surefire.test.class.path=/home/administrator/funDoNotes/FunDooNotes/target/test-classes:/home/administrator/funDoNotes/FunDooNotes/target/classes:/home/administrator/.m2/repository/org/springframework/boot/spring-boot-starter-web/2.0.3.RELEASE/spring-boot-starter-web-2.0.3.RELEASE.jar:/home/administrator/.m2/repository/org/springframework/boot/spring-boot-starter/2.0.3.RELEASE/spring-boot-starter-2.0.3.RELEASE.jar:/home/administrator/.m2/repository/org/springframework/boot/spring-boot/2.0.3.RELEASE/spring-boot-2.0.3.RELEASE.jar:/home/administrator/.m2/repository/org/springframework/boot/spring-boot-autoconfigure/2.0.3.RELEASE/spring-boot-autoconfigure-2.0.3.RELEASE.jar:/home/administrator/.m2/repository/org/springframework/boot/spring-boot-starter-logging/2.0.3.RELEASE/spring-boot-starter-logging-2.0.3.RELEASE.jar:/home/administrator/.m2/repository/ch/qos/logback/logback-classic/1.2.3/logback-classic-1.2.3.jar:/home/administrator/.m2/repository/ch/qos/logback/logback-core/1.2.3/logback-core-1.2.3.jar:/home/administrator/.m2/repository/org/apache/logging/log4j/log4j-to-slf4j/2.10.0/log4j-to-slf4j-2.10.0.jar:/home/administrator/.m2/repository/org/slf4j/jul-to-slf4j/1.7.25/jul-to-slf4j-1.7.25.jar:/home/administrator/.m2/repository/javax/annotation/javax.annotation-api/1.3.2/javax.annotation-api-1.3.2.jar:/home/administrator/.m2/repository/org/yaml/snakeyaml/1.19/snakeyaml-1.19.jar:/home/administrator/.m2/repository/org/springframework/boot/spring-boot-starter-json/2.0.3.RELEASE/spring-boot-starter-json-2.0.3.RELEASE.jar:/home/administrator/.m2/repository/com/fasterxml/jackson/datatype/jackson-datatype-jdk8/2.9.6/jackson-datatype-jdk8-2.9.6.jar:/home/administrator/.m2/repository/com/fasterxml/jackson/datatype/jackson-datatype-jsr310/2.9.6/jackson-datatype-jsr310-2.9.6.jar:/home/administrator/.m2/repository/com/fasterxml/jackson/module/jackson-module-parameter-names/2.9.6/jackson-module-parameter-names-2.9.6.jar:/home/administrator/.m2/repository/org/springframework/boot/spring-boot-starter-tomcat/2.0.3.RELEASE/spring-boot-starter-tomcat-2.0.3.RELEASE.jar:/home/administrator/.m2/repository/org/apache/tomcat/embed/tomcat-embed-core/8.5.31/tomcat-embed-core-8.5.31.jar:/home/administrator/.m2/repository/org/apache/tomcat/embed/tomcat-embed-el/8.5.31/tomcat-embed-el-8.5.31.jar:/home/administrator/.m2/repository/org/apache/tomcat/embed/tomcat-embed-websocket/8.5.31/tomcat-embed-websocket-8.5.31.jar:/home/administrator/.m2/repository/org/hibernate/validator/hibernate-validator/6.0.10.Final/hibernate-validator-6.0.10.Final.jar:/home/administrator/.m2/repository/javax/validation/validation-api/2.0.1.Final/validation-api-2.0.1.Final.jar:/home/administrator/.m2/repository/org/jboss/logging/jboss-logging/3.3.2.Final/jboss-logging-3.3.2.Final.jar:/home/administrator/.m2/repository/org/springframework/spring-web/5.0.7.RELEASE/spring-web-5.0.7.RELEASE.jar:/home/administrator/.m2/repository/org/springframework/boot/spring-boot-starter-test/2.0.3.RELEASE/spring-boot-starter-test-2.0.3.RELEASE.jar:/home/administrator/.m2/repository/org/springframework/boot/spring-boot-test/2.0.3.RELEASE/spring-boot-test-2.0.3.RELEASE.jar:/home/administrator/.m2/repository/org/springframework/boot/spring-boot-test-autoconfigure/2.0.3.RELEASE/spring-boot-test-autoconfigure-2.0.3.RELEASE.jar:/home/administrator/.m2/repository/com/jayway/jsonpath/json-path/2.4.0/json-path-2.4.0.jar:/home/administrator/.m2/repository/net/minidev/json-smart/2.3/json-smart-2.3.jar:/home/administrator/.m2/repository/net/minidev/accessors-smart/1.2/accessors-smart-1.2.jar:/home/administrator/.m2/repository/org/ow2/asm/asm/5.0.4/asm-5.0.4.jar:/home/administrator/.m2/repository/org/assertj/assertj-core/3.9.1/assertj-core-3.9.1.jar:/home/administrator/.m2/repository/org/mockito/mockito-core/2.15.0/mockito-core-2.15.0.jar:/home/administrator/.m2/repository/net/bytebuddy/byte-buddy/1.7.11/byte-buddy-1.7.11.jar:/home/administrator/.m2/repository/net/bytebuddy/byte-buddy-agent/1.7.11/byte-buddy-agent-1.7.11.jar:/home/administrator/.m2/repository/org/objenesis/objenesis/2.6/objenesis-2.6.jar:/home/administrator/.m2/repository/org/hamcrest/hamcrest-core/1.3/hamcrest-core-1.3.jar:/home/administrator/.m2/repository/org/hamcrest/hamcrest-library/1.3/hamcrest-library-1.3.jar:/home/administrator/.m2/repository/org/skyscreamer/jsonassert/1.5.0/jsonassert-1.5.0.jar:/home/administrator/.m2/repository/com/vaadin/external/google/android-json/0.0.20131108.vaadin1/android-json-0.0.20131108.vaadin1.jar:/home/administrator/.m2/repository/org/springframework/spring-core/5.0.7.RELEASE/spring-core-5.0.7.RELEASE.jar:/home/administrator/.m2/repository/org/springframework/spring-jcl/5.0.7.RELEASE/spring-jcl-5.0.7.RELEASE.jar:/home/administrator/.m2/repository/org/springframework/spring-test/5.0.7.RELEASE/spring-test-5.0.7.RELEASE.jar:/home/administrator/.m2/repository/org/xmlunit/xmlunit-core/2.5.1/xmlunit-core-2.5.1.jar:/home/administrator/.m2/repository/org/springframework/boot/spring-boot-starter-mail/2.0.3.RELEASE/spring-boot-starter-mail-2.0.3.RELEASE.jar:/home/administrator/.m2/repository/org/springframework/spring-context/5.0.7.RELEASE/spring-context-5.0.7.RELEASE.jar:/home/administrator/.m2/repository/org/springframework/spring-context-support/5.0.7.RELEASE/spring-context-support-5.0.7.RELEASE.jar:/home/administrator/.m2/repository/com/sun/mail/javax.mail/1.6.1/javax.mail-1.6.1.jar:/home/administrator/.m2/repository/javax/activation/activation/1.1/activation-1.1.jar:/home/administrator/.m2/repository/org/springframework/boot/spring-boot-starter-data-mongodb/2.0.3.RELEASE/spring-boot-starter-data-mongodb-2.0.3.RELEASE.jar:/home/administrator/.m2/repository/org/mongodb/mongodb-driver/3.6.4/mongodb-driver-3.6.4.jar:/home/administrator/.m2/repository/org/mongodb/bson/3.6.4/bson-3.6.4.jar:/home/administrator/.m2/repository/org/mongodb/mongodb-driver-core/3.6.4/mongodb-driver-core-3.6.4.jar:/home/administrator/.m2/repository/org/springframework/data/spring-data-mongodb/2.0.8.RELEASE/spring-data-mongodb-2.0.8.RELEASE.jar:/home/administrator/.m2/repository/io/jsonwebtoken/jjwt/0.9.1/jjwt-0.9.1.jar:/home/administrator/.m2/repository/com/fasterxml/jackson/core/jackson-databind/2.9.6/jackson-databind-2.9.6.jar:/home/administrator/.m2/repository/com/fasterxml/jackson/core/jackson-annotations/2.9.0/jackson-annotations-2.9.0.jar:/home/administrator/.m2/repository/io/springfox/springfox-swagger2/2.5.0/springfox-swagger2-2.5.0.jar:/home/administrator/.m2/repository/io/swagger/swagger-annotations/1.5.9/swagger-annotations-1.5.9.jar:/home/administrator/.m2/repository/io/swagger/swagger-models/1.5.9/swagger-models-1.5.9.jar:/home/administrator/.m2/repository/io/springfox/springfox-spi/2.5.0/springfox-spi-2.5.0.jar:/home/administrator/.m2/repository/io/springfox/springfox-core/2.5.0/springfox-core-2.5.0.jar:/home/administrator/.m2/repository/io/springfox/springfox-schema/2.5.0/springfox-schema-2.5.0.jar:/home/administrator/.m2/repository/io/springfox/springfox-swagger-common/2.5.0/springfox-swagger-common-2.5.0.jar:/home/administrator/.m2/repository/io/springfox/springfox-spring-web/2.5.0/springfox-spring-web-2.5.0.jar:/home/administrator/.m2/repository/com/google/guava/guava/18.0/guava-18.0.jar:/home/administrator/.m2/repository/com/fasterxml/classmate/1.3.4/classmate-1.3.4.jar:/home/administrator/.m2/repository/org/slf4j/slf4j-api/1.7.25/slf4j-api-1.7.25.jar:/home/administrator/.m2/repository/org/springframework/plugin/spring-plugin-core/1.2.0.RELEASE/spring-plugin-core-1.2.0.RELEASE.jar:/home/administrator/.m2/repository/org/springframework/plugin/spring-plugin-metadata/1.2.0.RELEASE/spring-plugin-metadata-1.2.0.RELEASE.jar:/home/administrator/.m2/repository/org/mapstruct/mapstruct/1.0.0.Final/mapstruct-1.0.0.Final.jar:/home/administrator/.m2/repository/io/springfox/springfox-swagger-ui/2.5.0/springfox-swagger-ui-2.5.0.jar:/home/administrator/.m2/repository/org/springframework/security/spring-security-core/5.0.6.RELEASE/spring-security-core-5.0.6.RELEASE.jar:/home/administrator/.m2/repository/org/springframework/spring-aop/5.0.7.RELEASE/spring-aop-5.0.7.RELEASE.jar:/home/administrator/.m2/repository/org/springframework/spring-beans/5.0.7.RELEASE/spring-beans-5.0.7.RELEASE.jar:/home/administrator/.m2/repository/org/springframework/spring-expression/5.0.7.RELEASE/spring-expression-5.0.7.RELEASE.jar:/home/administrator/.m2/repository/javax/jms/javax.jms-api/2.0.1/javax.jms-api-2.0.1.jar:/home/administrator/.m2/repository/org/json/json/20160212/json-20160212.jar:/home/administrator/.m2/repository/org/springframework/spring-webmvc/5.0.7.RELEASE/spring-webmvc-5.0.7.RELEASE.jar:/home/administrator/.m2/repository/junit/junit/4.12/junit-4.12.jar:/home/administrator/.m2/repository/org/mockito/mockito-all/1.9.5/mockito-all-1.9.5.jar:/home/administrator/.m2/repository/com/h2database/h2/1.4.197/h2-1.4.197.jar:/home/administrator/.m2/repository/org/springframework/boot/spring-boot-starter-amqp/2.0.3.RELEASE/spring-boot-starter-amqp-2.0.3.RELEASE.jar:/home/administrator/.m2/repository/org/springframework/spring-messaging/5.0.7.RELEASE/spring-messaging-5.0.7.RELEASE.jar:/home/administrator/.m2/repository/org/springframework/amqp/spring-rabbit/2.0.4.RELEASE/spring-rabbit-2.0.4.RELEASE.jar:/home/administrator/.m2/repository/org/springframework/amqp/spring-amqp/2.0.4.RELEASE/spring-amqp-2.0.4.RELEASE.jar:/home/administrator/.m2/repository/com/rabbitmq/amqp-client/5.1.2/amqp-client-5.1.2.jar:/home/administrator/.m2/repository/org/springframework/retry/spring-retry/1.2.2.RELEASE/spring-retry-1.2.2.RELEASE.jar:/home/administrator/.m2/repository/org/modelmapper/modelmapper/0.7.5/modelmapper-0.7.5.jar:/home/administrator/.m2/repository/org/springframework/data/spring-data-elasticsearch/3.0.8.RELEASE/spring-data-elasticsearch-3.0.8.RELEASE.jar:/home/administrator/.m2/repository/org/springframework/spring-tx/5.0.7.RELEASE/spring-tx-5.0.7.RELEASE.jar:/home/administrator/.m2/repository/org/springframework/data/spring-data-commons/2.0.8.RELEASE/spring-data-commons-2.0.8.RELEASE.jar:/home/administrator/.m2/repository/commons-lang/commons-lang/2.6/commons-lang-2.6.jar:/home/administrator/.m2/repository/joda-time/joda-time/2.9.9/joda-time-2.9.9.jar:/home/administrator/.m2/repository/org/elasticsearch/elasticsearch/5.6.10/elasticsearch-5.6.10.jar:/home/administrator/.m2/repository/org/apache/lucene/lucene-core/6.6.1/lucene-core-6.6.1.jar:/home/administrator/.m2/repository/org/apache/lucene/lucene-analyzers-common/6.6.1/lucene-analyzers-common-6.6.1.jar:/home/administrator/.m2/repository/org/apache/lucene/lucene-backward-codecs/6.6.1/lucene-backward-codecs-6.6.1.jar:/home/administrator/.m2/repository/org/apache/lucene/lucene-grouping/6.6.1/lucene-grouping-6.6.1.jar:/home/administrator/.m2/repository/org/apache/lucene/lucene-highlighter/6.6.1/lucene-highlighter-6.6.1.jar:/home/administrator/.m2/repository/org/apache/lucene/lucene-join/6.6.1/lucene-join-6.6.1.jar:/home/administrator/.m2/repository/org/apache/lucene/lucene-memory/6.6.1/lucene-memory-6.6.1.jar:/home/administrator/.m2/repository/org/apache/lucene/lucene-misc/6.6.1/lucene-misc-6.6.1.jar:/home/administrator/.m2/repository/org/apache/lucene/lucene-queries/6.6.1/lucene-queries-6.6.1.jar:/home/administrator/.m2/repository/org/apache/lucene/lucene-queryparser/6.6.1/lucene-queryparser-6.6.1.jar:/home/administrator/.m2/repository/org/apache/lucene/lucene-sandbox/6.6.1/lucene-sandbox-6.6.1.jar:/home/administrator/.m2/repository/org/apache/lucene/lucene-spatial/6.6.1/lucene-spatial-6.6.1.jar:/home/administrator/.m2/repository/org/apache/lucene/lucene-spatial-extras/6.6.1/lucene-spatial-extras-6.6.1.jar:/home/administrator/.m2/repository/org/apache/lucene/lucene-spatial3d/6.6.1/lucene-spatial3d-6.6.1.jar:/home/administrator/.m2/repository/org/apache/lucene/lucene-suggest/6.6.1/lucene-suggest-6.6.1.jar:/home/administrator/.m2/repository/org/elasticsearch/securesm/1.2/securesm-1.2.jar:/home/administrator/.m2/repository/net/sf/jopt-simple/jopt-simple/5.0.2/jopt-simple-5.0.2.jar:/home/administrator/.m2/repository/com/carrotsearch/hppc/0.7.1/hppc-0.7.1.jar:/home/administrator/.m2/repository/com/fasterxml/jackson/dataformat/jackson-dataformat-smile/2.9.6/jackson-dataformat-smile-2.9.6.jar:/home/administrator/.m2/repository/com/fasterxml/jackson/dataformat/jackson-dataformat-yaml/2.9.6/jackson-dataformat-yaml-2.9.6.jar:/home/administrator/.m2/repository/com/fasterxml/jackson/dataformat/jackson-dataformat-cbor/2.9.6/jackson-dataformat-cbor-2.9.6.jar:/home/administrator/.m2/repository/com/tdunning/t-digest/3.0/t-digest-3.0.jar:/home/administrator/.m2/repository/org/hdrhistogram/HdrHistogram/2.1.9/HdrHistogram-2.1.9.jar:/home/administrator/.m2/repository/org/apache/logging/log4j/log4j-api/2.10.0/log4j-api-2.10.0.jar:/home/administrator/.m2/repository/org/elasticsearch/jna/4.4.0-1/jna-4.4.0-1.jar:/home/administrator/.m2/repository/org/elasticsearch/client/transport/5.6.10/transport-5.6.10.jar:/home/administrator/.m2/repository/org/elasticsearch/plugin/reindex-client/5.6.10/reindex-client-5.6.10.jar:/home/administrator/.m2/repository/org/elasticsearch/client/elasticsearch-rest-client/5.6.10/elasticsearch-rest-client-5.6.10.jar:/home/administrator/.m2/repository/org/apache/httpcomponents/httpclient/4.5.5/httpclient-4.5.5.jar:/home/administrator/.m2/repository/org/apache/httpcomponents/httpcore/4.4.9/httpcore-4.4.9.jar:/home/administrator/.m2/repository/org/apache/httpcomponents/httpasyncclient/4.1.3/httpasyncclient-4.1.3.jar:/home/administrator/.m2/repository/org/apache/httpcomponents/httpcore-nio/4.4.9/httpcore-nio-4.4.9.jar:/home/administrator/.m2/repository/commons-codec/commons-codec/1.11/commons-codec-1.11.jar:/home/administrator/.m2/repository/org/elasticsearch/plugin/lang-mustache-client/5.6.10/lang-mustache-client-5.6.10.jar:/home/administrator/.m2/repository/com/github/spullara/mustache/java/compiler/0.9.3/compiler-0.9.3.jar:/home/administrator/.m2/repository/org/elasticsearch/plugin/percolator-client/5.6.10/percolator-client-5.6.10.jar:/home/administrator/.m2/repository/org/elasticsearch/plugin/parent-join-client/5.6.10/parent-join-client-5.6.10.jar:/home/administrator/.m2/repository/org/elasticsearch/plugin/transport-netty4-client/5.6.10/transport-netty4-client-5.6.10.jar:/home/administrator/.m2/repository/io/netty/netty-buffer/4.1.25.Final/netty-buffer-4.1.25.Final.jar:/home/administrator/.m2/repository/io/netty/netty-codec/4.1.25.Final/netty-codec-4.1.25.Final.jar:/home/administrator/.m2/repository/io/netty/netty-codec-http/4.1.25.Final/netty-codec-http-4.1.25.Final.jar:/home/administrator/.m2/repository/io/netty/netty-common/4.1.25.Final/netty-common-4.1.25.Final.jar:/home/administrator/.m2/repository/io/netty/netty-handler/4.1.25.Final/netty-handler-4.1.25.Final.jar:/home/administrator/.m2/repository/io/netty/netty-resolver/4.1.25.Final/netty-resolver-4.1.25.Final.jar:/home/administrator/.m2/repository/io/netty/netty-transport/4.1.25.Final/netty-transport-4.1.25.Final.jar:/home/administrator/.m2/repository/org/locationtech/spatial4j/spatial4j/0.6/spatial4j-0.6.jar:/home/administrator/.m2/repository/com/vividsolutions/jts/1.13/jts-1.13.jar:/home/administrator/.m2/repository/org/apache/logging/log4j/log4j-core/2.10.0/log4j-core-2.10.0.jar:/home/administrator/.m2/repository/com/fasterxml/jackson/core/jackson-core/2.9.6/jackson-core-2.9.6.jar:/home/administrator/.m2/repository/org/springframework/boot/spring-boot-starter-data-elasticsearch/2.0.3.RELEASE/spring-boot-starter-data-elasticsearch-2.0.3.RELEASE.jar:, java.specification.name=Java Platform API Specification, java.class.version=52.0, sun.management.compiler=HotSpot 64-Bit Tiered Compilers, os.version=4.15.0-29-generic, user.home=/home/administrator, user.timezone=Asia/Kolkata, java.awt.printerjob=sun.print.PSPrinterJob, file.encoding=UTF-8, java.specification.version=1.8, java.class.path=/home/administrator/funDoNotes/FunDooNotes/target/test-classes:/home/administrator/funDoNotes/FunDooNotes/target/classes:/home/administrator/.m2/repository/org/springframework/boot/spring-boot-starter-web/2.0.3.RELEASE/spring-boot-starter-web-2.0.3.RELEASE.jar:/home/administrator/.m2/repository/org/springframework/boot/spring-boot-starter/2.0.3.RELEASE/spring-boot-starter-2.0.3.RELEASE.jar:/home/administrator/.m2/repository/org/springframework/boot/spring-boot/2.0.3.RELEASE/spring-boot-2.0.3.RELEASE.jar:/home/administrator/.m2/repository/org/springframework/boot/spring-boot-autoconfigure/2.0.3.RELEASE/spring-boot-autoconfigure-2.0.3.RELEASE.jar:/home/administrator/.m2/repository/org/springframework/boot/spring-boot-starter-logging/2.0.3.RELEASE/spring-boot-starter-logging-2.0.3.RELEASE.jar:/home/administrator/.m2/repository/ch/qos/logback/logback-classic/1.2.3/logback-classic-1.2.3.jar:/home/administrator/.m2/repository/ch/qos/logback/logback-core/1.2.3/logback-core-1.2.3.jar:/home/administrator/.m2/repository/org/apache/logging/log4j/log4j-to-slf4j/2.10.0/log4j-to-slf4j-2.10.0.jar:/home/administrator/.m2/repository/org/slf4j/jul-to-slf4j/1.7.25/jul-to-slf4j-1.7.25.jar:/home/administrator/.m2/repository/javax/annotation/javax.annotation-api/1.3.2/javax.annotation-api-1.3.2.jar:/home/administrator/.m2/repository/org/yaml/snakeyaml/1.19/snakeyaml-1.19.jar:/home/administrator/.m2/repository/org/springframework/boot/spring-boot-starter-json/2.0.3.RELEASE/spring-boot-starter-json-2.0.3.RELEASE.jar:/home/administrator/.m2/repository/com/fasterxml/jackson/datatype/jackson-datatype-jdk8/2.9.6/jackson-datatype-jdk8-2.9.6.jar:/home/administrator/.m2/repository/com/fasterxml/jackson/datatype/jackson-datatype-jsr310/2.9.6/jackson-datatype-jsr310-2.9.6.jar:/home/administrator/.m2/repository/com/fasterxml/jackson/module/jackson-module-parameter-names/2.9.6/jackson-module-parameter-names-2.9.6.jar:/home/administrator/.m2/repository/org/springframework/boot/spring-boot-starter-tomcat/2.0.3.RELEASE/spring-boot-starter-tomcat-2.0.3.RELEASE.jar:/home/administrator/.m2/repository/org/apache/tomcat/embed/tomcat-embed-core/8.5.31/tomcat-embed-core-8.5.31.jar:/home/administrator/.m2/repository/org/apache/tomcat/embed/tomcat-embed-el/8.5.31/tomcat-embed-el-8.5.31.jar:/home/administrator/.m2/repository/org/apache/tomcat/embed/tomcat-embed-websocket/8.5.31/tomcat-embed-websocket-8.5.31.jar:/home/administrator/.m2/repository/org/hibernate/validator/hibernate-validator/6.0.10.Final/hibernate-validator-6.0.10.Final.jar:/home/administrator/.m2/repository/javax/validation/validation-api/2.0.1.Final/validation-api-2.0.1.Final.jar:/home/administrator/.m2/repository/org/jboss/logging/jboss-logging/3.3.2.Final/jboss-logging-3.3.2.Final.jar:/home/administrator/.m2/repository/org/springframework/spring-web/5.0.7.RELEASE/spring-web-5.0.7.RELEASE.jar:/home/administrator/.m2/repository/org/springframework/boot/spring-boot-starter-test/2.0.3.RELEASE/spring-boot-starter-test-2.0.3.RELEASE.jar:/home/administrator/.m2/repository/org/springframework/boot/spring-boot-test/2.0.3.RELEASE/spring-boot-test-2.0.3.RELEASE.jar:/home/administrator/.m2/repository/org/springframework/boot/spring-boot-test-autoconfigure/2.0.3.RELEASE/spring-boot-test-autoconfigure-2.0.3.RELEASE.jar:/home/administrator/.m2/repository/com/jayway/jsonpath/json-path/2.4.0/json-path-2.4.0.jar:/home/administrator/.m2/repository/net/minidev/json-smart/2.3/json-smart-2.3.jar:/home/administrator/.m2/repository/net/minidev/accessors-smart/1.2/accessors-smart-1.2.jar:/home/administrator/.m2/repository/org/ow2/asm/asm/5.0.4/asm-5.0.4.jar:/home/administrator/.m2/repository/org/assertj/assertj-core/3.9.1/assertj-core-3.9.1.jar:/home/administrator/.m2/repository/org/mockito/mockito-core/2.15.0/mockito-core-2.15.0.jar:/home/administrator/.m2/repository/net/bytebuddy/byte-buddy/1.7.11/byte-buddy-1.7.11.jar:/home/administrator/.m2/repository/net/bytebuddy/byte-buddy-agent/1.7.11/byte-buddy-agent-1.7.11.jar:/home/administrator/.m2/repository/org/objenesis/objenesis/2.6/objenesis-2.6.jar:/home/administrator/.m2/repository/org/hamcrest/hamcrest-core/1.3/hamcrest-core-1.3.jar:/home/administrator/.m2/repository/org/hamcrest/hamcrest-library/1.3/hamcrest-library-1.3.jar:/home/administrator/.m2/repository/org/skyscreamer/jsonassert/1.5.0/jsonassert-1.5.0.jar:/home/administrator/.m2/repository/com/vaadin/external/google/android-json/0.0.20131108.vaadin1/android-json-0.0.20131108.vaadin1.jar:/home/administrator/.m2/repository/org/springframework/spring-core/5.0.7.RELEASE/spring-core-5.0.7.RELEASE.jar:/home/administrator/.m2/repository/org/springframework/spring-jcl/5.0.7.RELEASE/spring-jcl-5.0.7.RELEASE.jar:/home/administrator/.m2/repository/org/springframework/spring-test/5.0.7.RELEASE/spring-test-5.0.7.RELEASE.jar:/home/administrator/.m2/repository/org/xmlunit/xmlunit-core/2.5.1/xmlunit-core-2.5.1.jar:/home/administrator/.m2/repository/org/springframework/boot/spring-b
[...]
	at org.springframework.beans.factory.support.DefaultListableBeanFactory.addCandidateEntry(DefaultListableBeanFactory.java:1325) ~[spring-beans-5.0.7.RELEASE.jar:5.0.7.RELEASE]
	at org.springframework.beans.factory.support.DefaultListableBeanFactory.findAutowireCandidates(DefaultListableBeanFactory.java:1291) ~[spring-beans-5.0.7.RELEASE.jar:5.0.7.RELEASE]
	at org.springframework.beans.factory.support.DefaultListableBeanFactory.resolveMultipleBeans(DefaultListableBeanFactory.java:1193) ~[spring-beans-5.0.7.RELEASE.jar:5.0.7.RELEASE]
	at org.springframework.beans.factory.support.DefaultListableBeanFactory.doResolveDependency(DefaultListableBeanFactory.java:1096) ~[spring-beans-5.0.7.RELEASE.jar:5.0.7.RELEASE]
	at org.springframework.beans.factory.support.DefaultListableBeanFactory.resolveDependency(DefaultListableBeanFactory.java:1065) ~[spring-beans-5.0.7.RELEASE.jar:5.0.7.RELEASE]
	at org.springframework.beans.factory.support.ConstructorResolver.resolveAutowiredArgument(ConstructorResolver.java:818) ~[spring-beans-5.0.7.RELEASE.jar:5.0.7.RELEASE]
	at org.springframework.beans.factory.support.ConstructorResolver.createArgumentArray(ConstructorResolver.java:724) ~[spring-beans-5.0.7.RELEASE.jar:5.0.7.RELEASE]
	... 45 common frames omitted
Caused by: org.springframework.beans.factory.BeanCreationException: Error creating bean with name 'requestMappingHandlerMapping' defined in class path resource [org/springframework/boot/autoconfigure/web/servlet/WebMvcAutoConfiguration$EnableWebMvcConfiguration.class]: Bean instantiation via factory method failed; nested exception is org.springframework.beans.BeanInstantiationException: Failed to instantiate [org.springframework.web.servlet.mvc.method.annotation.RequestMappingHandlerMapping]: Factory method 'requestMappingHandlerMapping' threw exception; nested exception is org.springframework.beans.factory.BeanCreationException: Error creating bean with name 'mvcConversionService' defined in class path resource [org/springframework/boot/autoconfigure/web/servlet/WebMvcAutoConfiguration$EnableWebMvcConfiguration.class]: Bean instantiation via factory method failed; nested exception is org.springframework.beans.BeanInstantiationException: Failed to instantiate [org.springframework.format.support.FormattingConversionService]: Factory method 'mvcConversionService' threw exception; nested exception is org.springframework.beans.factory.BeanCreationException: Error creating bean with name 'noteElasticsearchRepository': Cannot resolve reference to bean 'elasticsearchTemplate' while setting bean property 'elasticsearchOperations'; nested exception is org.springframework.beans.factory.NoSuchBeanDefinitionException: No bean named 'elasticsearchTemplate' available
	at org.springframework.beans.factory.support.ConstructorResolver.instantiateUsingFactoryMethod(ConstructorResolver.java:590) ~[spring-beans-5.0.7.RELEASE.jar:5.0.7.RELEASE]
	at org.springframework.beans.factory.support.AbstractAutowireCapableBeanFactory.instantiateUsingFactoryMethod(AbstractAutowireCapableBeanFactory.java:1256) ~[spring-beans-5.0.7.RELEASE.jar:5.0.7.RELEASE]
	at org.springframework.beans.factory.support.AbstractAutowireCapableBeanFactory.createBeanInstance(AbstractAutowireCapableBeanFactory.java:1105) ~[spring-beans-5.0.7.RELEASE.jar:5.0.7.RELEASE]
	at org.springframework.beans.factory.support.AbstractAutowireCapableBeanFactory.doCreateBean(AbstractAutowireCapableBeanFactory.java:543) ~[spring-beans-5.0.7.RELEASE.jar:5.0.7.RELEASE]
	at org.springframework.beans.factory.support.AbstractAutowireCapableBeanFactory.createBean(AbstractAutowireCapableBeanFactory.java:503) ~[spring-beans-5.0.7.RELEASE.jar:5.0.7.RELEASE]
	at org.springframework.beans.factory.support.AbstractBeanFactory.lambda$doGetBean$0(AbstractBeanFactory.java:317) ~[spring-beans-5.0.7.RELEASE.jar:5.0.7.RELEASE]
	at org.springframework.beans.factory.support.DefaultSingletonBeanRegistry.getSingleton(DefaultSingletonBeanRegistry.java:222) ~[spring-beans-5.0.7.RELEASE.jar:5.0.7.RELEASE]
	at org.springframework.beans.factory.support.AbstractBeanFactory.doGetBean(AbstractBeanFactory.java:315) ~[spring-beans-5.0.7.RELEASE.jar:5.0.7.RELEASE]
	at org.springframework.beans.factory.support.AbstractBeanFactory.getBean(AbstractBeanFactory.java:199) ~[spring-beans-5.0.7.RELEASE.jar:5.0.7.RELEASE]
	at org.springframework.beans.factory.config.DependencyDescriptor.resolveCandidate(DependencyDescriptor.java:251) ~[spring-beans-5.0.7.RELEASE.jar:5.0.7.RELEASE]
	at org.springframework.beans.factory.support.DefaultListableBeanFactory.addCandidateEntry(DefaultListableBeanFactory.java:1325) ~[spring-beans-5.0.7.RELEASE.jar:5.0.7.RELEASE]
	at org.springframework.beans.factory.support.DefaultListableBeanFactory.findAutowireCandidates(DefaultListableBeanFactory.java:1291) ~[spring-beans-5.0.7.RELEASE.jar:5.0.7.RELEASE]
	at org.springframework.beans.factory.support.DefaultListableBeanFactory.resolveMultipleBeans(DefaultListableBeanFactory.java:1193) ~[spring-beans-5.0.7.RELEASE.jar:5.0.7.RELEASE]
	at org.springframework.beans.factory.support.DefaultListableBeanFactory.doResolveDependency(DefaultListableBeanFactory.java:1096) ~[spring-beans-5.0.7.RELEASE.jar:5.0.7.RELEASE]
	at org.springframework.beans.factory.support.DefaultListableBeanFactory.resolveDependency(DefaultListableBeanFactory.java:1065) ~[spring-beans-5.0.7.RELEASE.jar:5.0.7.RELEASE]
	at org.springframework.beans.factory.support.ConstructorResolver.resolveAutowiredArgument(ConstructorResolver.java:818) ~[spring-beans-5.0.7.RELEASE.jar:5.0.7.RELEASE]
	at org.springframework.beans.factory.support.ConstructorResolver.createArgumentArray(ConstructorResolver.java:724) ~[spring-beans-5.0.7.RELEASE.jar:5.0.7.RELEASE]
	... 62 common frames omitted
Caused by: org.springframework.beans.BeanInstantiationException: Failed to instantiate [org.springframework.web.servlet.mvc.method.annotation.RequestMappingHandlerMapping]: Factory method 'requestMappingHandlerMapping' threw exception; nested exception is org.springframework.beans.factory.BeanCreationException: Error creating bean with name 'mvcConversionService' defined in class path resource [org/springframework/boot/autoconfigure/web/servlet/WebMvcAutoConfiguration$EnableWebMvcConfiguration.class]: Bean instantiation via factory method failed; nested exception is org.springframework.beans.BeanInstantiationException: Failed to instantiate [org.springframework.format.support.FormattingConversionService]: Factory method 'mvcConversionService' threw exception; nested exception is org.springframework.beans.factory.BeanCreationException: Error creating bean with name 'noteElasticsearchRepository': Cannot resolve reference to bean 'elasticsearchTemplate' while setting bean property 'elasticsearchOperations'; nested exception is org.springframework.beans.factory.NoSuchBeanDefinitionException: No bean named 'elasticsearchTemplate' available
	at org.springframework.beans.factory.support.SimpleInstantiationStrategy.instantiate(SimpleInstantiationStrategy.java:185) ~[spring-beans-5.0.7.RELEASE.jar:5.0.7.RELEASE]
	at org.springframework.beans.factory.support.ConstructorResolver.instantiateUsingFactoryMethod(ConstructorResolver.java:582) ~[spring-beans-5.0.7.RELEASE.jar:5.0.7.RELEASE]
	... 78 common frames omitted
Caused by: org.springframework.beans.factory.BeanCreationException: Error creating bean with name 'mvcConversionService' defined in class path resource [org/springframework/boot/autoconfigure/web/servlet/WebMvcAutoConfiguration$EnableWebMvcConfiguration.class]: Bean instantiation via factory method failed; nested exception is org.springframework.beans.BeanInstantiationException: Failed to instantiate [org.springframework.format.support.FormattingConversionService]: Factory method 'mvcConversionService' threw exception; nested exception is org.springframework.beans.factory.BeanCreationException: Error creating bean with name 'noteElasticsearchRepository': Cannot resolve reference to bean 'elasticsearchTemplate' while setting bean property 'elasticsearchOperations'; nested exception is org.springframework.beans.factory.NoSuchBeanDefinitionException: No bean named 'elasticsearchTemplate' available
	at org.springframework.beans.factory.support.ConstructorResolver.instantiateUsingFactoryMethod(ConstructorResolver.java:590) ~[spring-beans-5.0.7.RELEASE.jar:5.0.7.RELEASE]
	at org.springframework.beans.factory.support.AbstractAutowireCapableBeanFactory.instantiateUsingFactoryMethod(AbstractAutowireCapableBeanFactory.java:1256) ~[spring-beans-5.0.7.RELEASE.jar:5.0.7.RELEASE]
	at org.springframework.beans.factory.support.AbstractAutowireCapableBeanFactory.createBeanInstance(AbstractAutowireCapableBeanFactory.java:1105) ~[spring-beans-5.0.7.RELEASE.jar:5.0.7.RELEASE]
	at org.springframework.beans.factory.support.AbstractAutowireCapableBeanFactory.doCreateBean(AbstractAutowireCapableBeanFactory.java:543) ~[spring-beans-5.0.7.RELEASE.jar:5.0.7.RELEASE]
	at org.springframework.beans.factory.support.AbstractAutowireCapableBeanFactory.createBean(AbstractAutowireCapableBeanFactory.java:503) ~[spring-beans-5.0.7.RELEASE.jar:5.0.7.RELEASE]
	at org.springframework.beans.factory.support.AbstractBeanFactory.lambda$doGetBean$0(AbstractBeanFactory.java:317) ~[spring-beans-5.0.7.RELEASE.jar:5.0.7.RELEASE]
	at org.springframework.beans.factory.support.DefaultSingletonBeanRegistry.getSingleton(DefaultSingletonBeanRegistry.java:222) ~[spring-beans-5.0.7.RELEASE.jar:5.0.7.RELEASE]
	at org.springframework.beans.factory.support.AbstractBeanFactory.doGetBean(AbstractBeanFactory.java:315) ~[spring-beans-5.0.7.RELEASE.jar:5.0.7.RELEASE]
	at org.springframework.beans.factory.support.AbstractBeanFactory.getBean(AbstractBeanFactory.java:199) ~[spring-beans-5.0.7.RELEASE.jar:5.0.7.RELEASE]
	at org.springframework.context.annotation.ConfigurationClassEnhancer$BeanMethodInterceptor.resolveBeanReference(ConfigurationClassEnhancer.java:392) ~[spring-context-5.0.7.RELEASE.jar:5.0.7.RELEASE]
	at org.springframework.context.annotation.ConfigurationClassEnhancer$BeanMethodInterceptor.intercept(ConfigurationClassEnhancer.java:364) ~[spring-context-5.0.7.RELEASE.jar:5.0.7.RELEASE]
	at org.springframework.boot.autoconfigure.web.servlet.WebMvcAutoConfiguration$EnableWebMvcConfiguration$$EnhancerBySpringCGLIB$$d0c7e1bc.mvcConversionService(<generated>) ~[spring-boot-autoconfigure-2.0.3.RELEASE.jar:2.0.3.RELEASE]
	at org.springframework.web.servlet.config.annotation.WebMvcConfigurationSupport.getInterceptors(WebMvcConfigurationSupport.java:331) ~[spring-webmvc-5.0.7.RELEASE.jar:5.0.7.RELEASE]
	at org.springframework.web.servlet.config.annotation.WebMvcConfigurationSupport.requestMappingHandlerMapping(WebMvcConfigurationSupport.java:282) ~[spring-webmvc-5.0.7.RELEASE.jar:5.0.7.RELEASE]
	at org.springframework.boot.autoconfigure.web.servlet.WebMvcAutoConfiguration$EnableWebMvcConfiguration.requestMappingHandlerMapping(WebMvcAutoConfiguration.java:487) ~[spring-boot-autoconfigure-2.0.3.RELEASE.jar:2.0.3.RELEASE]
	at org.springframework.boot.autoconfigure.web.servlet.WebMvcAutoConfiguration$EnableWebMvcConfiguration$$EnhancerBySpringCGLIB$$d0c7e1bc.CGLIB$requestMappingHandlerMapping$2(<generated>) ~[spring-boot-autoconfigure-2.0.3.RELEASE.jar:2.0.3.RELEASE]
	at org.springframework.boot.autoconfigure.web.servlet.WebMvcAutoConfiguration$EnableWebMvcConfiguration$$EnhancerBySpringCGLIB$$d0c7e1bc$$FastClassBySpringCGLIB$$3e14de0b.invoke(<generated>) ~[spring-boot-autoconfigure-2.0.3.RELEASE.jar:2.0.3.RELEASE]
	at org.springframework.cglib.proxy.MethodProxy.invokeSuper(MethodProxy.java:228) ~[spring-core-5.0.7.RELEASE.jar:5.0.7.RELEASE]
	at org.springframework.context.annotation.ConfigurationClassEnhancer$BeanMethodInterceptor.intercept(ConfigurationClassEnhancer.java:361) ~[spring-context-5.0.7.RELEASE.jar:5.0.7.RELEASE]
	at org.springframework.boot.autoconfigure.web.servlet.WebMvcAutoConfiguration$EnableWebMvcConfiguration$$EnhancerBySpringCGLIB$$d0c7e1bc.requestMappingHandlerMapping(<generated>) ~[spring-boot-autoconfigure-2.0.3.RELEASE.jar:2.0.3.RELEASE]
	at sun.reflect.NativeMethodAccessorImpl.invoke0(Native Method) ~[na:1.8.0_171]
	at sun.reflect.NativeMethodAccessorImpl.invoke(NativeMethodAccessorImpl.java:62) ~[na:1.8.0_171]
	at sun.reflect.DelegatingMethodAccessorImpl.invoke(DelegatingMethodAccessorImpl.java:43) ~[na:1.8.0_171]
	at java.lang.reflect.Method.invoke(Method.java:498) ~[na:1.8.0_171]
	at org.springframework.beans.factory.support.SimpleInstantiationStrategy.instantiate(SimpleInstantiationStrategy.java:154) ~[spring-beans-5.0.7.RELEASE.jar:5.0.7.RELEASE]
	... 79 common frames omitted
Caused by: org.springframework.beans.BeanInstantiationException: Failed to instantiate [org.springframework.format.support.FormattingConversionService]: Factory method 'mvcConversionService' threw exception; nested exception is org.springframework.beans.factory.BeanCreationException: Error creating bean with name 'noteElasticsearchRepository': Cannot resolve reference to bean 'elasticsearchTemplate' while setting bean property 'elasticsearchOperations'; nested exception is org.springframework.beans.factory.NoSuchBeanDefinitionException: No bean named 'elasticsearchTemplate' available
	at org.springframework.beans.factory.support.SimpleInstantiationStrategy.instantiate(SimpleInstantiationStrategy.java:185) ~[spring-beans-5.0.7.RELEASE.jar:5.0.7.RELEASE]
	at org.springframework.beans.factory.support.ConstructorResolver.instantiateUsingFactoryMethod(ConstructorResolver.java:582) ~[spring-beans-5.0.7.RELEASE.jar:5.0.7.RELEASE]
	... 103 common frames omitted
Caused by: org.springframework.beans.factory.BeanCreationException: Error creating bean with name 'noteElasticsearchRepository': Cannot resolve reference to bean 'elasticsearchTemplate' while setting bean property 'elasticsearchOperations'; nested exception is org.springframework.beans.factory.NoSuchBeanDefinitionException: No bean named 'elasticsearchTemplate' available
	at org.springframework.beans.factory.support.BeanDefinitionValueResolver.resolveReference(BeanDefinitionValueResolver.java:378) ~[spring-beans-5.0.7.RELEASE.jar:5.0.7.RELEASE]
	at org.springframework.beans.factory.support.BeanDefinitionValueResolver.resolveValueIfNecessary(BeanDefinitionValueResolver.java:110) ~[spring-beans-5.0.7.RELEASE.jar:5.0.7.RELEASE]
	at org.springframework.beans.factory.support.AbstractAutowireCapableBeanFactory.applyPropertyValues(AbstractAutowireCapableBeanFactory.java:1611) ~[spring-beans-5.0.7.RELEASE.jar:5.0.7.RELEASE]
	at org.springframework.beans.factory.support.AbstractAutowireCapableBeanFactory.populateBean(AbstractAutowireCapableBeanFactory.java:1363) ~[spring-beans-5.0.7.RELEASE.jar:5.0.7.RELEASE]
	at org.springframework.beans.factory.support.AbstractAutowireCapableBeanFactory.doCreateBean(AbstractAutowireCapableBeanFactory.java:580) ~[spring-beans-5.0.7.RELEASE.jar:5.0.7.RELEASE]
	at org.springframework.beans.factory.support.AbstractAutowireCapableBeanFactory.createBean(AbstractAutowireCapableBeanFactory.java:503) ~[spring-beans-5.0.7.RELEASE.jar:5.0.7.RELEASE]
	at org.springframework.beans.factory.support.AbstractBeanFactory.lambda$doGetBean$0(AbstractBeanFactory.java:317) ~[spring-beans-5.0.7.RELEASE.jar:5.0.7.RELEASE]
	at org.springframework.beans.factory.support.DefaultSingletonBeanRegistry.getSingleton(DefaultSingletonBeanRegistry.java:222) ~[spring-beans-5.0.7.RELEASE.jar:5.0.7.RELEASE]
	at org.springframework.beans.factory.support.AbstractBeanFactory.doGetBean(AbstractBeanFactory.java:315) ~[spring-beans-5.0.7.RELEASE.jar:5.0.7.RELEASE]
	at org.springframework.beans.factory.support.AbstractBeanFactory.getBean(AbstractBeanFactory.java:204) ~[spring-beans-5.0.7.RELEASE.jar:5.0.7.RELEASE]
	at org.springframework.context.support.AbstractApplicationContext.getBean(AbstractApplicationContext.java:1095) ~[spring-context-5.0.7.RELEASE.jar:5.0.7.RELEASE]
	at org.springframework.data.repository.support.Repositories.cacheRepositoryFactory(Repositories.java:97) ~[spring-data-commons-2.0.8.RELEASE.jar:2.0.8.RELEASE]
	at org.springframework.data.repository.support.Repositories.populateRepositoryFactoryInformation(Repositories.java:90) ~[spring-data-commons-2.0.8.RELEASE.jar:2.0.8.RELEASE]
	at org.springframework.data.repository.support.Repositories.<init>(Repositories.java:83) ~[spring-data-commons-2.0.8.RELEASE.jar:2.0.8.RELEASE]
	at org.springframework.data.repository.support.DomainClassConverter.setApplicationContext(DomainClassConverter.java:109) ~[spring-data-commons-2.0.8.RELEASE.jar:2.0.8.RELEASE]
	at org.springframework.data.web.config.SpringDataWebConfiguration.addFormatters(SpringDataWebConfiguration.java:131) ~[spring-data-commons-2.0.8.RELEASE.jar:2.0.8.RELEASE]
	at org.springframework.web.servlet.config.annotation.WebMvcConfigurerComposite.addFormatters(WebMvcConfigurerComposite.java:81) ~[spring-webmvc-5.0.7.RELEASE.jar:5.0.7.RELEASE]
	at org.springframework.web.servlet.config.annotation.DelegatingWebMvcConfiguration.addFormatters(DelegatingWebMvcConfiguration.java:78) ~[spring-webmvc-5.0.7.RELEASE.jar:5.0.7.RELEASE]
	at org.springframework.boot.autoconfigure.web.servlet.WebMvcAutoConfiguration$EnableWebMvcConfiguration.mvcConversionService(WebMvcAutoConfiguration.java:495) ~[spring-boot-autoconfigure-2.0.3.RELEASE.jar:2.0.3.RELEASE]
	at org.springframework.boot.autoconfigure.web.servlet.WebMvcAutoConfiguration$EnableWebMvcConfiguration$$EnhancerBySpringCGLIB$$d0c7e1bc.CGLIB$mvcConversionService$1(<generated>) ~[spring-boot-autoconfigure-2.0.3.RELEASE.jar:2.0.3.RELEASE]
	at org.springframework.boot.autoconfigure.web.servlet.WebMvcAutoConfiguration$EnableWebMvcConfiguration$$EnhancerBySpringCGLIB$$d0c7e1bc$$FastClassBySpringCGLIB$$3e14de0b.invoke(<generated>) ~[spring-boot-autoconfigure-2.0.3.RELEASE.jar:2.0.3.RELEASE]
	at org.springframework.cglib.proxy.MethodProxy.invokeSuper(MethodProxy.java:228) ~[spring-core-5.0.7.RELEASE.jar:5.0.7.RELEASE]
	at org.springframework.context.annotation.ConfigurationClassEnhancer$BeanMethodInterceptor.intercept(ConfigurationClassEnhancer.java:361) ~[spring-context-5.0.7.RELEASE.jar:5.0.7.RELEASE]
	at org.springframework.boot.autoconfigure.web.servlet.WebMvcAutoConfiguration$EnableWebMvcConfiguration$$EnhancerBySpringCGLIB$$d0c7e1bc.mvcConversionService(<generated>) ~[spring-boot-autoconfigure-2.0.3.RELEASE.jar:2.0.3.RELEASE]
	at sun.reflect.NativeMethodAccessorImpl.invoke0(Native Method) ~[na:1.8.0_171]
	at sun.reflect.NativeMethodAccessorImpl.invoke(NativeMethodAccessorImpl.java:62) ~[na:1.8.0_171]
	at sun.reflect.DelegatingMethodAccessorImpl.invoke(DelegatingMethodAccessorImpl.java:43) ~[na:1.8.0_171]
	at java.lang.reflect.Method.invoke(Method.java:498) ~[na:1.8.0_171]
	at org.springframework.beans.factory.support.SimpleInstantiationStrategy.instantiate(SimpleInstantiationStrategy.java:154) ~[spring-beans-5.0.7.RELEASE.jar:5.0.7.RELEASE]
	... 104 common frames omitted
Caused by: org.springframework.beans.factory.NoSuchBeanDefinitionException: No bean named 'elasticsearchTemplate' available
	at org.springframework.beans.factory.support.DefaultListableBeanFactory.getBeanDefinition(DefaultListableBeanFactory.java:686) ~[spring-beans-5.0.7.RELEASE.jar:5.0.7.RELEASE]
	at org.springframework.beans.factory.support.AbstractBeanFactory.getMergedLocalBeanDefinition(AbstractBeanFactory.java:1210) ~[spring-beans-5.0.7.RELEASE.jar:5.0.7.RELEASE]
	at org.springframework.beans.factory.support.AbstractBeanFactory.doGetBean(AbstractBeanFactory.java:291) ~[spring-beans-5.0.7.RELEASE.jar:5.0.7.RELEASE]
	at org.springframework.beans.factory.support.AbstractBeanFactory.getBean(AbstractBeanFactory.java:199) ~[spring-beans-5.0.7.RELEASE.jar:5.0.7.RELEASE]
	at org.springframework.beans.factory.support.BeanDefinitionValueResolver.resolveReference(BeanDefinitionValueResolver.java:367) ~[spring-beans-5.0.7.RELEASE.jar:5.0.7.RELEASE]
	... 132 common frames omitted

]]></system-out>
  </testcase>
</testsuite>